<?xml version="1.0" encoding="UTF-8"?>
<testsuite name="com.project.orderservice.service.impl.MemberServiceImplTest" tests="4" skipped="0" failures="0" errors="0" timestamp="2022-03-31T03:49:48" hostname="baeg-eunhuiui-MacBookPro.local" time="0.596">
  <properties/>
  <testcase name="회원 등록 -&gt; 성공" classname="com.project.orderservice.service.impl.MemberServiceImplTest" time="0.513"/>
  <testcase name="회원 조회 -&gt; 예외 발생" classname="com.project.orderservice.service.impl.MemberServiceImplTest" time="0.038"/>
  <testcase name="아이디로 멤버 조회" classname="com.project.orderservice.service.impl.MemberServiceImplTest" time="0.012"/>
  <testcase name="회원 등록 -&gt; member.getId(), savedMember.getId()" classname="com.project.orderservice.service.impl.MemberServiceImplTest" time="0.025"/>
  <system-out><![CDATA[12:49:41.750 [Test worker] DEBUG org.springframework.test.context.BootstrapUtils - Instantiating CacheAwareContextLoaderDelegate from class [org.springframework.test.context.cache.DefaultCacheAwareContextLoaderDelegate]
12:49:41.760 [Test worker] DEBUG org.springframework.test.context.BootstrapUtils - Instantiating BootstrapContext using constructor [public org.springframework.test.context.support.DefaultBootstrapContext(java.lang.Class,org.springframework.test.context.CacheAwareContextLoaderDelegate)]
12:49:41.811 [Test worker] DEBUG org.springframework.test.context.BootstrapUtils - Instantiating TestContextBootstrapper for test class [com.project.orderservice.service.impl.MemberServiceImplTest] from class [org.springframework.boot.test.context.SpringBootTestContextBootstrapper]
12:49:41.827 [Test worker] INFO org.springframework.boot.test.context.SpringBootTestContextBootstrapper - Neither @ContextConfiguration nor @ContextHierarchy found for test class [com.project.orderservice.service.impl.MemberServiceImplTest], using SpringBootContextLoader
12:49:41.830 [Test worker] DEBUG org.springframework.test.context.support.AbstractContextLoader - Did not detect default resource location for test class [com.project.orderservice.service.impl.MemberServiceImplTest]: class path resource [com/project/orderservice/service/impl/MemberServiceImplTest-context.xml] does not exist
12:49:41.831 [Test worker] DEBUG org.springframework.test.context.support.AbstractContextLoader - Did not detect default resource location for test class [com.project.orderservice.service.impl.MemberServiceImplTest]: class path resource [com/project/orderservice/service/impl/MemberServiceImplTestContext.groovy] does not exist
12:49:41.831 [Test worker] INFO org.springframework.test.context.support.AbstractContextLoader - Could not detect default resource locations for test class [com.project.orderservice.service.impl.MemberServiceImplTest]: no resource found for suffixes {-context.xml, Context.groovy}.
12:49:41.831 [Test worker] INFO org.springframework.test.context.support.AnnotationConfigContextLoaderUtils - Could not detect default configuration classes for test class [com.project.orderservice.service.impl.MemberServiceImplTest]: MemberServiceImplTest does not declare any static, non-private, non-final, nested classes annotated with @Configuration.
12:49:41.890 [Test worker] DEBUG org.springframework.test.context.support.ActiveProfilesUtils - Could not find an 'annotation declaring class' for annotation type [org.springframework.test.context.ActiveProfiles] and class [com.project.orderservice.service.impl.MemberServiceImplTest]
12:49:41.979 [Test worker] DEBUG org.springframework.context.annotation.ClassPathScanningCandidateComponentProvider - Identified candidate component class: file [/Users/baek-eunhee/eunhee/study/project/order-service/order-service/build/classes/java/main/com/project/orderservice/OrderServiceApplication.class]
12:49:41.981 [Test worker] INFO org.springframework.boot.test.context.SpringBootTestContextBootstrapper - Found @SpringBootConfiguration com.project.orderservice.OrderServiceApplication for test class com.project.orderservice.service.impl.MemberServiceImplTest
12:49:42.085 [Test worker] DEBUG org.springframework.boot.test.context.SpringBootTestContextBootstrapper - @TestExecutionListeners is not present for class [com.project.orderservice.service.impl.MemberServiceImplTest]: using defaults.
12:49:42.085 [Test worker] INFO org.springframework.boot.test.context.SpringBootTestContextBootstrapper - Loaded default TestExecutionListener class names from location [META-INF/spring.factories]: [org.springframework.boot.test.autoconfigure.restdocs.RestDocsTestExecutionListener, org.springframework.boot.test.autoconfigure.web.client.MockRestServiceServerResetTestExecutionListener, org.springframework.boot.test.autoconfigure.web.servlet.MockMvcPrintOnlyOnFailureTestExecutionListener, org.springframework.boot.test.autoconfigure.web.servlet.WebDriverTestExecutionListener, org.springframework.boot.test.autoconfigure.webservices.client.MockWebServiceServerTestExecutionListener, org.springframework.boot.test.mock.mockito.MockitoTestExecutionListener, org.springframework.boot.test.mock.mockito.ResetMocksTestExecutionListener, org.springframework.test.context.web.ServletTestExecutionListener, org.springframework.test.context.support.DirtiesContextBeforeModesTestExecutionListener, org.springframework.test.context.event.ApplicationEventsTestExecutionListener, org.springframework.test.context.support.DependencyInjectionTestExecutionListener, org.springframework.test.context.support.DirtiesContextTestExecutionListener, org.springframework.test.context.transaction.TransactionalTestExecutionListener, org.springframework.test.context.jdbc.SqlScriptsTestExecutionListener, org.springframework.test.context.event.EventPublishingTestExecutionListener]
12:49:42.100 [Test worker] INFO org.springframework.boot.test.context.SpringBootTestContextBootstrapper - Using TestExecutionListeners: [org.springframework.test.context.web.ServletTestExecutionListener@6e33c391, org.springframework.test.context.support.DirtiesContextBeforeModesTestExecutionListener@6c451c9c, org.springframework.test.context.event.ApplicationEventsTestExecutionListener@31c269fd, org.springframework.boot.test.mock.mockito.MockitoTestExecutionListener@372b0d86, org.springframework.boot.test.autoconfigure.SpringBootDependencyInjectionTestExecutionListener@47747fb9, org.springframework.test.context.support.DirtiesContextTestExecutionListener@3113a37, org.springframework.test.context.transaction.TransactionalTestExecutionListener@213e3629, org.springframework.test.context.jdbc.SqlScriptsTestExecutionListener@4e9658b5, org.springframework.test.context.event.EventPublishingTestExecutionListener@2a7b6f69, org.springframework.boot.test.autoconfigure.restdocs.RestDocsTestExecutionListener@20312893, org.springframework.boot.test.autoconfigure.web.client.MockRestServiceServerResetTestExecutionListener@70eecdc2, org.springframework.boot.test.autoconfigure.web.servlet.MockMvcPrintOnlyOnFailureTestExecutionListener@c41709a, org.springframework.boot.test.autoconfigure.web.servlet.WebDriverTestExecutionListener@7db0565c, org.springframework.boot.test.autoconfigure.webservices.client.MockWebServiceServerTestExecutionListener@54ec8cc9, org.springframework.boot.test.mock.mockito.ResetMocksTestExecutionListener@52eacb4b]
12:49:42.103 [Test worker] DEBUG org.springframework.test.context.support.AbstractDirtiesContextTestExecutionListener - Before test class: context [DefaultTestContext@781e7326 testClass = MemberServiceImplTest, testInstance = [null], testMethod = [null], testException = [null], mergedContextConfiguration = [WebMergedContextConfiguration@22680f52 testClass = MemberServiceImplTest, locations = '{}', classes = '{class com.project.orderservice.OrderServiceApplication}', contextInitializerClasses = '[]', activeProfiles = '{}', propertySourceLocations = '{}', propertySourceProperties = '{org.springframework.boot.test.context.SpringBootTestContextBootstrapper=true}', contextCustomizers = set[org.springframework.boot.test.autoconfigure.actuate.metrics.MetricsExportContextCustomizerFactory$DisableMetricExportContextCustomizer@476b0ae6, org.springframework.boot.test.autoconfigure.properties.PropertyMappingContextCustomizer@0, org.springframework.boot.test.autoconfigure.web.servlet.WebDriverContextCustomizerFactory$Customizer@320de594, org.springframework.boot.test.context.filter.ExcludeFilterContextCustomizer@2974f221, org.springframework.boot.test.json.DuplicateJsonObjectContextCustomizerFactory$DuplicateJsonObjectContextCustomizer@665df3c6, org.springframework.boot.test.mock.mockito.MockitoContextCustomizer@0, org.springframework.boot.test.web.client.TestRestTemplateContextCustomizer@60641ec8, org.springframework.boot.test.context.SpringBootTestArgs@1, org.springframework.boot.test.context.SpringBootTestWebEnvironment@16612a51], resourceBasePath = 'src/main/webapp', contextLoader = 'org.springframework.boot.test.context.SpringBootContextLoader', parent = [null]], attributes = map['org.springframework.test.context.web.ServletTestExecutionListener.activateListener' -> true]], class annotated with @DirtiesContext [false] with mode [null].

  .   ____          _            __ _ _
 /\\ / ___'_ __ _ _(_)_ __  __ _ \ \ \ \
( ( )\___ | '_ | '_| | '_ \/ _` | \ \ \ \
 \\/  ___)| |_)| | | | | || (_| |  ) ) ) )
  '  |____| .__|_| |_|_| |_\__, | / / / /
 =========|_|==============|___/=/_/_/_/
 :: Spring Boot ::                (v2.6.5)

2022-03-31 12:49:42.796  INFO 2875 --- [    Test worker] c.p.o.s.impl.MemberServiceImplTest       : Starting MemberServiceImplTest using Java 11.0.14 on baeg-eunhuiui-MacBookPro.local with PID 2875 (started by beak-eunhee in /Users/baek-eunhee/eunhee/study/project/order-service/order-service)
2022-03-31 12:49:42.799  INFO 2875 --- [    Test worker] c.p.o.s.impl.MemberServiceImplTest       : No active profile set, falling back to 1 default profile: "default"
2022-03-31 12:49:43.963  INFO 2875 --- [    Test worker] .s.d.r.c.RepositoryConfigurationDelegate : Bootstrapping Spring Data JPA repositories in DEFAULT mode.
2022-03-31 12:49:44.031  INFO 2875 --- [    Test worker] .s.d.r.c.RepositoryConfigurationDelegate : Finished Spring Data repository scanning in 61 ms. Found 1 JPA repository interfaces.
2022-03-31 12:49:45.123  INFO 2875 --- [    Test worker] o.hibernate.jpa.internal.util.LogHelper  : HHH000204: Processing PersistenceUnitInfo [name: default]
2022-03-31 12:49:45.173  INFO 2875 --- [    Test worker] org.hibernate.Version                    : HHH000412: Hibernate ORM core version 5.6.7.Final
2022-03-31 12:49:45.313  INFO 2875 --- [    Test worker] o.hibernate.annotations.common.Version   : HCANN000001: Hibernate Commons Annotations {5.1.2.Final}
2022-03-31 12:49:45.416  INFO 2875 --- [    Test worker] com.zaxxer.hikari.HikariDataSource       : HikariPool-1 - Starting...
2022-03-31 12:49:45.504  INFO 2875 --- [    Test worker] com.zaxxer.hikari.HikariDataSource       : HikariPool-1 - Start completed.
2022-03-31 12:49:45.536  INFO 2875 --- [    Test worker] org.hibernate.dialect.Dialect            : HHH000400: Using dialect: org.hibernate.dialect.H2Dialect
2022-03-31 12:49:45.721  WARN 2875 --- [    Test worker] org.hibernate.cfg.AnnotationBinder       : HHH000457: Joined inheritance hierarchy [com.project.orderservice.domain.item.Item] defined explicit @DiscriminatorColumn.  Legacy Hibernate behavior was to ignore the @DiscriminatorColumn.  However, as part of issue HHH-6911 we now apply the explicit @DiscriminatorColumn.  If you would prefer the legacy behavior, enable the `hibernate.discriminator.ignore_explicit_for_joined` setting (hibernate.discriminator.ignore_explicit_for_joined=true)
2022-03-31 12:49:46.290 DEBUG 2875 --- [    Test worker] org.hibernate.SQL                        : 
    
    drop table if exists album CASCADE 
2022-03-31 12:49:46.312 DEBUG 2875 --- [    Test worker] org.hibernate.SQL                        : 
    
    drop table if exists book CASCADE 
2022-03-31 12:49:46.316 DEBUG 2875 --- [    Test worker] org.hibernate.SQL                        : 
    
    drop table if exists item CASCADE 
2022-03-31 12:49:46.318 DEBUG 2875 --- [    Test worker] org.hibernate.SQL                        : 
    
    drop table if exists member CASCADE 
2022-03-31 12:49:46.322 DEBUG 2875 --- [    Test worker] org.hibernate.SQL                        : 
    
    drop table if exists movie CASCADE 
2022-03-31 12:49:46.324 DEBUG 2875 --- [    Test worker] org.hibernate.SQL                        : 
    
    drop table if exists orders CASCADE 
2022-03-31 12:49:46.325 DEBUG 2875 --- [    Test worker] org.hibernate.SQL                        : 
    
    drop sequence if exists hibernate_sequence
2022-03-31 12:49:46.327 DEBUG 2875 --- [    Test worker] org.hibernate.SQL                        : create sequence hibernate_sequence start with 1 increment by 1
2022-03-31 12:49:46.329 DEBUG 2875 --- [    Test worker] org.hibernate.SQL                        : 
    
    create table album (
       artist varchar(255),
        item_id bigint not null,
        primary key (item_id)
    )
2022-03-31 12:49:46.333 DEBUG 2875 --- [    Test worker] org.hibernate.SQL                        : 
    
    create table book (
       author varchar(255),
        isbn integer not null,
        item_id bigint not null,
        primary key (item_id)
    )
2022-03-31 12:49:46.337 DEBUG 2875 --- [    Test worker] org.hibernate.SQL                        : 
    
    create table item (
       dtype varchar(31) not null,
        item_id bigint not null,
        name varchar(255),
        quantity integer not null,
        primary key (item_id)
    )
2022-03-31 12:49:46.339 DEBUG 2875 --- [    Test worker] org.hibernate.SQL                        : 
    
    create table member (
       member_id bigint not null,
        city varchar(255),
        street varchar(255),
        zipcode integer not null,
        name varchar(255),
        primary key (member_id)
    )
2022-03-31 12:49:46.341 DEBUG 2875 --- [    Test worker] org.hibernate.SQL                        : 
    
    create table movie (
       actor varchar(255),
        director varchar(255),
        item_id bigint not null,
        primary key (item_id)
    )
2022-03-31 12:49:46.343 DEBUG 2875 --- [    Test worker] org.hibernate.SQL                        : 
    
    create table orders (
       order_id bigint not null,
        delivery_status varchar(255),
        name varchar(255),
        order_date timestamp,
        quantity integer not null,
        item_id bigint,
        member_id bigint,
        primary key (order_id)
    )
2022-03-31 12:49:46.344 DEBUG 2875 --- [    Test worker] org.hibernate.SQL                        : 
    
    alter table album 
       add constraint FKminb9nib0bo4t9c4kpltxtuab 
       foreign key (item_id) 
       references item
2022-03-31 12:49:46.350 DEBUG 2875 --- [    Test worker] org.hibernate.SQL                        : 
    
    alter table book 
       add constraint FKgohd8evkxf3j9a0p4jk5evpiv 
       foreign key (item_id) 
       references item
2022-03-31 12:49:46.352 DEBUG 2875 --- [    Test worker] org.hibernate.SQL                        : 
    
    alter table movie 
       add constraint FKq2rg7rpjfg38px01dhl4qrik6 
       foreign key (item_id) 
       references item
2022-03-31 12:49:46.354 DEBUG 2875 --- [    Test worker] org.hibernate.SQL                        : 
    
    alter table orders 
       add constraint FK1f1jovhxtx7fax217fq0gi17 
       foreign key (item_id) 
       references item
2022-03-31 12:49:46.356 DEBUG 2875 --- [    Test worker] org.hibernate.SQL                        : 
    
    alter table orders 
       add constraint FKpktxwhj3x9m4gth5ff6bkqgeb 
       foreign key (member_id) 
       references member
2022-03-31 12:49:46.362  INFO 2875 --- [    Test worker] o.h.e.t.j.p.i.JtaPlatformInitiator       : HHH000490: Using JtaPlatform implementation: [org.hibernate.engine.transaction.jta.platform.internal.NoJtaPlatform]
2022-03-31 12:49:46.373  INFO 2875 --- [    Test worker] j.LocalContainerEntityManagerFactoryBean : Initialized JPA EntityManagerFactory for persistence unit 'default'
2022-03-31 12:49:47.313  WARN 2875 --- [    Test worker] JpaBaseConfiguration$JpaWebConfiguration : spring.jpa.open-in-view is enabled by default. Therefore, database queries may be performed during view rendering. Explicitly configure spring.jpa.open-in-view to disable this warning
2022-03-31 12:49:48.597  INFO 2875 --- [    Test worker] c.p.o.s.impl.MemberServiceImplTest       : Started MemberServiceImplTest in 6.363 seconds (JVM running for 8.019)
2022-03-31 12:49:48.672  INFO 2875 --- [    Test worker] o.s.t.c.transaction.TransactionContext   : Began transaction (1) for test context [DefaultTestContext@781e7326 testClass = MemberServiceImplTest, testInstance = com.project.orderservice.service.impl.MemberServiceImplTest@7866a7a6, testMethod = saveMember_O@MemberServiceImplTest, testException = [null], mergedContextConfiguration = [WebMergedContextConfiguration@22680f52 testClass = MemberServiceImplTest, locations = '{}', classes = '{class com.project.orderservice.OrderServiceApplication}', contextInitializerClasses = '[]', activeProfiles = '{}', propertySourceLocations = '{}', propertySourceProperties = '{org.springframework.boot.test.context.SpringBootTestContextBootstrapper=true}', contextCustomizers = set[org.springframework.boot.test.autoconfigure.actuate.metrics.MetricsExportContextCustomizerFactory$DisableMetricExportContextCustomizer@476b0ae6, org.springframework.boot.test.autoconfigure.properties.PropertyMappingContextCustomizer@0, org.springframework.boot.test.autoconfigure.web.servlet.WebDriverContextCustomizerFactory$Customizer@320de594, org.springframework.boot.test.context.filter.ExcludeFilterContextCustomizer@2974f221, org.springframework.boot.test.json.DuplicateJsonObjectContextCustomizerFactory$DuplicateJsonObjectContextCustomizer@665df3c6, org.springframework.boot.test.mock.mockito.MockitoContextCustomizer@0, org.springframework.boot.test.web.client.TestRestTemplateContextCustomizer@60641ec8, org.springframework.boot.test.context.SpringBootTestArgs@1, org.springframework.boot.test.context.SpringBootTestWebEnvironment@16612a51], resourceBasePath = 'src/main/webapp', contextLoader = 'org.springframework.boot.test.context.SpringBootContextLoader', parent = [null]], attributes = map['org.springframework.test.context.web.ServletTestExecutionListener.activateListener' -> true, 'org.springframework.test.context.web.ServletTestExecutionListener.populatedRequestContextHolder' -> true, 'org.springframework.test.context.web.ServletTestExecutionListener.resetRequestContextHolder' -> true, 'org.springframework.test.context.event.ApplicationEventsTestExecutionListener.recordApplicationEvents' -> false]]; transaction manager [org.springframework.orm.jpa.JpaTransactionManager@548c5127]; rollback [true]
2022-03-31 12:49:48.886 DEBUG 2875 --- [    Test worker] org.hibernate.SQL                        : 
    call next value for hibernate_sequence
2022-03-31 12:49:48.933 DEBUG 2875 --- [    Test worker] org.hibernate.SQL                        : 
    call next value for hibernate_sequence
2022-03-31 12:49:49.053 DEBUG 2875 --- [    Test worker] org.hibernate.SQL                        : 
    insert 
    into
        member
        (city, street, zipcode, name, member_id) 
    values
        (?, ?, ?, ?, ?)
2022-03-31 12:49:49.060 DEBUG 2875 --- [    Test worker] org.hibernate.SQL                        : 
    insert 
    into
        member
        (city, street, zipcode, name, member_id) 
    values
        (?, ?, ?, ?, ?)
2022-03-31 12:49:49.070 DEBUG 2875 --- [    Test worker] org.hibernate.SQL                        : 
    select
        member0_.member_id as member_i1_3_,
        member0_.city as city2_3_,
        member0_.street as street3_3_,
        member0_.zipcode as zipcode4_3_,
        member0_.name as name5_3_ 
    from
        member member0_
2022-03-31 12:49:49.153  INFO 2875 --- [    Test worker] o.s.t.c.transaction.TransactionContext   : Rolled back transaction for test: [DefaultTestContext@781e7326 testClass = MemberServiceImplTest, testInstance = com.project.orderservice.service.impl.MemberServiceImplTest@7866a7a6, testMethod = saveMember_O@MemberServiceImplTest, testException = [null], mergedContextConfiguration = [WebMergedContextConfiguration@22680f52 testClass = MemberServiceImplTest, locations = '{}', classes = '{class com.project.orderservice.OrderServiceApplication}', contextInitializerClasses = '[]', activeProfiles = '{}', propertySourceLocations = '{}', propertySourceProperties = '{org.springframework.boot.test.context.SpringBootTestContextBootstrapper=true}', contextCustomizers = set[org.springframework.boot.test.autoconfigure.actuate.metrics.MetricsExportContextCustomizerFactory$DisableMetricExportContextCustomizer@476b0ae6, org.springframework.boot.test.autoconfigure.properties.PropertyMappingContextCustomizer@0, org.springframework.boot.test.autoconfigure.web.servlet.WebDriverContextCustomizerFactory$Customizer@320de594, org.springframework.boot.test.context.filter.ExcludeFilterContextCustomizer@2974f221, org.springframework.boot.test.json.DuplicateJsonObjectContextCustomizerFactory$DuplicateJsonObjectContextCustomizer@665df3c6, org.springframework.boot.test.mock.mockito.MockitoContextCustomizer@0, org.springframework.boot.test.web.client.TestRestTemplateContextCustomizer@60641ec8, org.springframework.boot.test.context.SpringBootTestArgs@1, org.springframework.boot.test.context.SpringBootTestWebEnvironment@16612a51], resourceBasePath = 'src/main/webapp', contextLoader = 'org.springframework.boot.test.context.SpringBootContextLoader', parent = [null]], attributes = map['org.springframework.test.context.web.ServletTestExecutionListener.activateListener' -> true, 'org.springframework.test.context.web.ServletTestExecutionListener.populatedRequestContextHolder' -> true, 'org.springframework.test.context.web.ServletTestExecutionListener.resetRequestContextHolder' -> true, 'org.springframework.test.context.event.ApplicationEventsTestExecutionListener.recordApplicationEvents' -> false]]
2022-03-31 12:49:49.168  INFO 2875 --- [    Test worker] o.s.t.c.transaction.TransactionContext   : Began transaction (1) for test context [DefaultTestContext@781e7326 testClass = MemberServiceImplTest, testInstance = com.project.orderservice.service.impl.MemberServiceImplTest@735b1ad2, testMethod = saveMember_X@MemberServiceImplTest, testException = [null], mergedContextConfiguration = [WebMergedContextConfiguration@22680f52 testClass = MemberServiceImplTest, locations = '{}', classes = '{class com.project.orderservice.OrderServiceApplication}', contextInitializerClasses = '[]', activeProfiles = '{}', propertySourceLocations = '{}', propertySourceProperties = '{org.springframework.boot.test.context.SpringBootTestContextBootstrapper=true}', contextCustomizers = set[org.springframework.boot.test.autoconfigure.actuate.metrics.MetricsExportContextCustomizerFactory$DisableMetricExportContextCustomizer@476b0ae6, org.springframework.boot.test.autoconfigure.properties.PropertyMappingContextCustomizer@0, org.springframework.boot.test.autoconfigure.web.servlet.WebDriverContextCustomizerFactory$Customizer@320de594, org.springframework.boot.test.context.filter.ExcludeFilterContextCustomizer@2974f221, org.springframework.boot.test.json.DuplicateJsonObjectContextCustomizerFactory$DuplicateJsonObjectContextCustomizer@665df3c6, org.springframework.boot.test.mock.mockito.MockitoContextCustomizer@0, org.springframework.boot.test.web.client.TestRestTemplateContextCustomizer@60641ec8, org.springframework.boot.test.context.SpringBootTestArgs@1, org.springframework.boot.test.context.SpringBootTestWebEnvironment@16612a51], resourceBasePath = 'src/main/webapp', contextLoader = 'org.springframework.boot.test.context.SpringBootContextLoader', parent = [null]], attributes = map['org.springframework.test.context.web.ServletTestExecutionListener.activateListener' -> true, 'org.springframework.test.context.web.ServletTestExecutionListener.populatedRequestContextHolder' -> true, 'org.springframework.test.context.web.ServletTestExecutionListener.resetRequestContextHolder' -> true, 'org.springframework.test.context.event.ApplicationEventsTestExecutionListener.recordApplicationEvents' -> false]]; transaction manager [org.springframework.orm.jpa.JpaTransactionManager@548c5127]; rollback [true]
2022-03-31 12:49:49.188 DEBUG 2875 --- [    Test worker] org.hibernate.SQL                        : 
    select
        member0_.member_id as member_i1_3_0_,
        member0_.city as city2_3_0_,
        member0_.street as street3_3_0_,
        member0_.zipcode as zipcode4_3_0_,
        member0_.name as name5_3_0_ 
    from
        member member0_ 
    where
        member0_.member_id=?
2022-03-31 12:49:49.202  INFO 2875 --- [    Test worker] o.s.t.c.transaction.TransactionContext   : Rolled back transaction for test: [DefaultTestContext@781e7326 testClass = MemberServiceImplTest, testInstance = com.project.orderservice.service.impl.MemberServiceImplTest@735b1ad2, testMethod = saveMember_X@MemberServiceImplTest, testException = [null], mergedContextConfiguration = [WebMergedContextConfiguration@22680f52 testClass = MemberServiceImplTest, locations = '{}', classes = '{class com.project.orderservice.OrderServiceApplication}', contextInitializerClasses = '[]', activeProfiles = '{}', propertySourceLocations = '{}', propertySourceProperties = '{org.springframework.boot.test.context.SpringBootTestContextBootstrapper=true}', contextCustomizers = set[org.springframework.boot.test.autoconfigure.actuate.metrics.MetricsExportContextCustomizerFactory$DisableMetricExportContextCustomizer@476b0ae6, org.springframework.boot.test.autoconfigure.properties.PropertyMappingContextCustomizer@0, org.springframework.boot.test.autoconfigure.web.servlet.WebDriverContextCustomizerFactory$Customizer@320de594, org.springframework.boot.test.context.filter.ExcludeFilterContextCustomizer@2974f221, org.springframework.boot.test.json.DuplicateJsonObjectContextCustomizerFactory$DuplicateJsonObjectContextCustomizer@665df3c6, org.springframework.boot.test.mock.mockito.MockitoContextCustomizer@0, org.springframework.boot.test.web.client.TestRestTemplateContextCustomizer@60641ec8, org.springframework.boot.test.context.SpringBootTestArgs@1, org.springframework.boot.test.context.SpringBootTestWebEnvironment@16612a51], resourceBasePath = 'src/main/webapp', contextLoader = 'org.springframework.boot.test.context.SpringBootContextLoader', parent = [null]], attributes = map['org.springframework.test.context.web.ServletTestExecutionListener.activateListener' -> true, 'org.springframework.test.context.web.ServletTestExecutionListener.populatedRequestContextHolder' -> true, 'org.springframework.test.context.web.ServletTestExecutionListener.resetRequestContextHolder' -> true, 'org.springframework.test.context.event.ApplicationEventsTestExecutionListener.recordApplicationEvents' -> false]]
2022-03-31 12:49:49.209  INFO 2875 --- [    Test worker] o.s.t.c.transaction.TransactionContext   : Began transaction (1) for test context [DefaultTestContext@781e7326 testClass = MemberServiceImplTest, testInstance = com.project.orderservice.service.impl.MemberServiceImplTest@55589ef5, testMethod = findMember@MemberServiceImplTest, testException = [null], mergedContextConfiguration = [WebMergedContextConfiguration@22680f52 testClass = MemberServiceImplTest, locations = '{}', classes = '{class com.project.orderservice.OrderServiceApplication}', contextInitializerClasses = '[]', activeProfiles = '{}', propertySourceLocations = '{}', propertySourceProperties = '{org.springframework.boot.test.context.SpringBootTestContextBootstrapper=true}', contextCustomizers = set[org.springframework.boot.test.autoconfigure.actuate.metrics.MetricsExportContextCustomizerFactory$DisableMetricExportContextCustomizer@476b0ae6, org.springframework.boot.test.autoconfigure.properties.PropertyMappingContextCustomizer@0, org.springframework.boot.test.autoconfigure.web.servlet.WebDriverContextCustomizerFactory$Customizer@320de594, org.springframework.boot.test.context.filter.ExcludeFilterContextCustomizer@2974f221, org.springframework.boot.test.json.DuplicateJsonObjectContextCustomizerFactory$DuplicateJsonObjectContextCustomizer@665df3c6, org.springframework.boot.test.mock.mockito.MockitoContextCustomizer@0, org.springframework.boot.test.web.client.TestRestTemplateContextCustomizer@60641ec8, org.springframework.boot.test.context.SpringBootTestArgs@1, org.springframework.boot.test.context.SpringBootTestWebEnvironment@16612a51], resourceBasePath = 'src/main/webapp', contextLoader = 'org.springframework.boot.test.context.SpringBootContextLoader', parent = [null]], attributes = map['org.springframework.test.context.web.ServletTestExecutionListener.activateListener' -> true, 'org.springframework.test.context.web.ServletTestExecutionListener.populatedRequestContextHolder' -> true, 'org.springframework.test.context.web.ServletTestExecutionListener.resetRequestContextHolder' -> true, 'org.springframework.test.context.event.ApplicationEventsTestExecutionListener.recordApplicationEvents' -> false]]; transaction manager [org.springframework.orm.jpa.JpaTransactionManager@548c5127]; rollback [true]
2022-03-31 12:49:49.211 DEBUG 2875 --- [    Test worker] org.hibernate.SQL                        : 
    call next value for hibernate_sequence
2022-03-31 12:49:49.212 DEBUG 2875 --- [    Test worker] org.hibernate.SQL                        : 
    call next value for hibernate_sequence
2022-03-31 12:49:49.217  INFO 2875 --- [    Test worker] o.s.t.c.transaction.TransactionContext   : Rolled back transaction for test: [DefaultTestContext@781e7326 testClass = MemberServiceImplTest, testInstance = com.project.orderservice.service.impl.MemberServiceImplTest@55589ef5, testMethod = findMember@MemberServiceImplTest, testException = [null], mergedContextConfiguration = [WebMergedContextConfiguration@22680f52 testClass = MemberServiceImplTest, locations = '{}', classes = '{class com.project.orderservice.OrderServiceApplication}', contextInitializerClasses = '[]', activeProfiles = '{}', propertySourceLocations = '{}', propertySourceProperties = '{org.springframework.boot.test.context.SpringBootTestContextBootstrapper=true}', contextCustomizers = set[org.springframework.boot.test.autoconfigure.actuate.metrics.MetricsExportContextCustomizerFactory$DisableMetricExportContextCustomizer@476b0ae6, org.springframework.boot.test.autoconfigure.properties.PropertyMappingContextCustomizer@0, org.springframework.boot.test.autoconfigure.web.servlet.WebDriverContextCustomizerFactory$Customizer@320de594, org.springframework.boot.test.context.filter.ExcludeFilterContextCustomizer@2974f221, org.springframework.boot.test.json.DuplicateJsonObjectContextCustomizerFactory$DuplicateJsonObjectContextCustomizer@665df3c6, org.springframework.boot.test.mock.mockito.MockitoContextCustomizer@0, org.springframework.boot.test.web.client.TestRestTemplateContextCustomizer@60641ec8, org.springframework.boot.test.context.SpringBootTestArgs@1, org.springframework.boot.test.context.SpringBootTestWebEnvironment@16612a51], resourceBasePath = 'src/main/webapp', contextLoader = 'org.springframework.boot.test.context.SpringBootContextLoader', parent = [null]], attributes = map['org.springframework.test.context.web.ServletTestExecutionListener.activateListener' -> true, 'org.springframework.test.context.web.ServletTestExecutionListener.populatedRequestContextHolder' -> true, 'org.springframework.test.context.web.ServletTestExecutionListener.resetRequestContextHolder' -> true, 'org.springframework.test.context.event.ApplicationEventsTestExecutionListener.recordApplicationEvents' -> false]]
2022-03-31 12:49:49.223  INFO 2875 --- [    Test worker] o.s.t.c.transaction.TransactionContext   : Began transaction (1) for test context [DefaultTestContext@781e7326 testClass = MemberServiceImplTest, testInstance = com.project.orderservice.service.impl.MemberServiceImplTest@fe337, testMethod = saveMember_returnId@MemberServiceImplTest, testException = [null], mergedContextConfiguration = [WebMergedContextConfiguration@22680f52 testClass = MemberServiceImplTest, locations = '{}', classes = '{class com.project.orderservice.OrderServiceApplication}', contextInitializerClasses = '[]', activeProfiles = '{}', propertySourceLocations = '{}', propertySourceProperties = '{org.springframework.boot.test.context.SpringBootTestContextBootstrapper=true}', contextCustomizers = set[org.springframework.boot.test.autoconfigure.actuate.metrics.MetricsExportContextCustomizerFactory$DisableMetricExportContextCustomizer@476b0ae6, org.springframework.boot.test.autoconfigure.properties.PropertyMappingContextCustomizer@0, org.springframework.boot.test.autoconfigure.web.servlet.WebDriverContextCustomizerFactory$Customizer@320de594, org.springframework.boot.test.context.filter.ExcludeFilterContextCustomizer@2974f221, org.springframework.boot.test.json.DuplicateJsonObjectContextCustomizerFactory$DuplicateJsonObjectContextCustomizer@665df3c6, org.springframework.boot.test.mock.mockito.MockitoContextCustomizer@0, org.springframework.boot.test.web.client.TestRestTemplateContextCustomizer@60641ec8, org.springframework.boot.test.context.SpringBootTestArgs@1, org.springframework.boot.test.context.SpringBootTestWebEnvironment@16612a51], resourceBasePath = 'src/main/webapp', contextLoader = 'org.springframework.boot.test.context.SpringBootContextLoader', parent = [null]], attributes = map['org.springframework.test.context.web.ServletTestExecutionListener.activateListener' -> true, 'org.springframework.test.context.web.ServletTestExecutionListener.populatedRequestContextHolder' -> true, 'org.springframework.test.context.web.ServletTestExecutionListener.resetRequestContextHolder' -> true, 'org.springframework.test.context.event.ApplicationEventsTestExecutionListener.recordApplicationEvents' -> false]]; transaction manager [org.springframework.orm.jpa.JpaTransactionManager@548c5127]; rollback [true]
2022-03-31 12:49:49.227 DEBUG 2875 --- [    Test worker] org.hibernate.SQL                        : 
    call next value for hibernate_sequence
2022-03-31 12:49:49.231 DEBUG 2875 --- [    Test worker] org.hibernate.SQL                        : 
    insert 
    into
        member
        (city, street, zipcode, name, member_id) 
    values
        (?, ?, ?, ?, ?)
2022-03-31 12:49:49.233 DEBUG 2875 --- [    Test worker] org.hibernate.SQL                        : 
    select
        member0_.member_id as member_i1_3_,
        member0_.city as city2_3_,
        member0_.street as street3_3_,
        member0_.zipcode as zipcode4_3_,
        member0_.name as name5_3_ 
    from
        member member0_
2022-03-31 12:49:49.242  INFO 2875 --- [    Test worker] o.s.t.c.transaction.TransactionContext   : Rolled back transaction for test: [DefaultTestContext@781e7326 testClass = MemberServiceImplTest, testInstance = com.project.orderservice.service.impl.MemberServiceImplTest@fe337, testMethod = saveMember_returnId@MemberServiceImplTest, testException = [null], mergedContextConfiguration = [WebMergedContextConfiguration@22680f52 testClass = MemberServiceImplTest, locations = '{}', classes = '{class com.project.orderservice.OrderServiceApplication}', contextInitializerClasses = '[]', activeProfiles = '{}', propertySourceLocations = '{}', propertySourceProperties = '{org.springframework.boot.test.context.SpringBootTestContextBootstrapper=true}', contextCustomizers = set[org.springframework.boot.test.autoconfigure.actuate.metrics.MetricsExportContextCustomizerFactory$DisableMetricExportContextCustomizer@476b0ae6, org.springframework.boot.test.autoconfigure.properties.PropertyMappingContextCustomizer@0, org.springframework.boot.test.autoconfigure.web.servlet.WebDriverContextCustomizerFactory$Customizer@320de594, org.springframework.boot.test.context.filter.ExcludeFilterContextCustomizer@2974f221, org.springframework.boot.test.json.DuplicateJsonObjectContextCustomizerFactory$DuplicateJsonObjectContextCustomizer@665df3c6, org.springframework.boot.test.mock.mockito.MockitoContextCustomizer@0, org.springframework.boot.test.web.client.TestRestTemplateContextCustomizer@60641ec8, org.springframework.boot.test.context.SpringBootTestArgs@1, org.springframework.boot.test.context.SpringBootTestWebEnvironment@16612a51], resourceBasePath = 'src/main/webapp', contextLoader = 'org.springframework.boot.test.context.SpringBootContextLoader', parent = [null]], attributes = map['org.springframework.test.context.web.ServletTestExecutionListener.activateListener' -> true, 'org.springframework.test.context.web.ServletTestExecutionListener.populatedRequestContextHolder' -> true, 'org.springframework.test.context.web.ServletTestExecutionListener.resetRequestContextHolder' -> true, 'org.springframework.test.context.event.ApplicationEventsTestExecutionListener.recordApplicationEvents' -> false]]
]]></system-out>
  <system-err><![CDATA[]]></system-err>
</testsuite>
