<?xml version="1.0" encoding="UTF-8"?>
<testsuite name="com.project.orderservice.service.impl.MemberServiceImplTest" tests="4" skipped="0" failures="0" errors="0" timestamp="2022-04-01T02:21:29" hostname="baeg-eunhuiui-MacBookPro.local" time="0.108">
  <properties/>
  <testcase name="회원 등록 -&gt; 성공" classname="com.project.orderservice.service.impl.MemberServiceImplTest" time="0.059"/>
  <testcase name="회원 조회 -&gt; 예외 발생" classname="com.project.orderservice.service.impl.MemberServiceImplTest" time="0.019"/>
  <testcase name="아이디로 멤버 조회" classname="com.project.orderservice.service.impl.MemberServiceImplTest" time="0.011"/>
  <testcase name="회원 등록 -&gt; member.getId(), savedMember.getId()" classname="com.project.orderservice.service.impl.MemberServiceImplTest" time="0.016"/>
  <system-out><![CDATA[2022-04-01 11:21:29.935  INFO 1556 --- [    Test worker] .b.t.c.SpringBootTestContextBootstrapper : Neither @ContextConfiguration nor @ContextHierarchy found for test class [com.project.orderservice.service.impl.MemberServiceImplTest], using SpringBootContextLoader
2022-04-01 11:21:29.940  INFO 1556 --- [    Test worker] o.s.t.c.support.AbstractContextLoader    : Could not detect default resource locations for test class [com.project.orderservice.service.impl.MemberServiceImplTest]: no resource found for suffixes {-context.xml, Context.groovy}.
2022-04-01 11:21:29.941  INFO 1556 --- [    Test worker] t.c.s.AnnotationConfigContextLoaderUtils : Could not detect default configuration classes for test class [com.project.orderservice.service.impl.MemberServiceImplTest]: MemberServiceImplTest does not declare any static, non-private, non-final, nested classes annotated with @Configuration.
2022-04-01 11:21:29.947  INFO 1556 --- [    Test worker] .b.t.c.SpringBootTestContextBootstrapper : Found @SpringBootConfiguration com.project.orderservice.OrderServiceApplication for test class com.project.orderservice.service.impl.MemberServiceImplTest
2022-04-01 11:21:29.954  INFO 1556 --- [    Test worker] .b.t.c.SpringBootTestContextBootstrapper : Loaded default TestExecutionListener class names from location [META-INF/spring.factories]: [org.springframework.boot.test.autoconfigure.restdocs.RestDocsTestExecutionListener, org.springframework.boot.test.autoconfigure.web.client.MockRestServiceServerResetTestExecutionListener, org.springframework.boot.test.autoconfigure.web.servlet.MockMvcPrintOnlyOnFailureTestExecutionListener, org.springframework.boot.test.autoconfigure.web.servlet.WebDriverTestExecutionListener, org.springframework.boot.test.autoconfigure.webservices.client.MockWebServiceServerTestExecutionListener, org.springframework.boot.test.mock.mockito.MockitoTestExecutionListener, org.springframework.boot.test.mock.mockito.ResetMocksTestExecutionListener, org.springframework.test.context.web.ServletTestExecutionListener, org.springframework.test.context.support.DirtiesContextBeforeModesTestExecutionListener, org.springframework.test.context.event.ApplicationEventsTestExecutionListener, org.springframework.test.context.support.DependencyInjectionTestExecutionListener, org.springframework.test.context.support.DirtiesContextTestExecutionListener, org.springframework.test.context.transaction.TransactionalTestExecutionListener, org.springframework.test.context.jdbc.SqlScriptsTestExecutionListener, org.springframework.test.context.event.EventPublishingTestExecutionListener]
2022-04-01 11:21:29.954  INFO 1556 --- [    Test worker] .b.t.c.SpringBootTestContextBootstrapper : Using TestExecutionListeners: [org.springframework.test.context.web.ServletTestExecutionListener@6b3d3e57, org.springframework.test.context.support.DirtiesContextBeforeModesTestExecutionListener@15251cc2, org.springframework.test.context.event.ApplicationEventsTestExecutionListener@7bdaf563, org.springframework.boot.test.mock.mockito.MockitoTestExecutionListener@53813f01, org.springframework.boot.test.autoconfigure.SpringBootDependencyInjectionTestExecutionListener@514c6ca0, org.springframework.test.context.support.DirtiesContextTestExecutionListener@6cb2b947, org.springframework.test.context.transaction.TransactionalTestExecutionListener@40ef385f, org.springframework.test.context.jdbc.SqlScriptsTestExecutionListener@1a4c6e74, org.springframework.test.context.event.EventPublishingTestExecutionListener@28d728f1, org.springframework.boot.test.autoconfigure.restdocs.RestDocsTestExecutionListener@51d6c42d, org.springframework.boot.test.autoconfigure.web.client.MockRestServiceServerResetTestExecutionListener@68423388, org.springframework.boot.test.autoconfigure.web.servlet.MockMvcPrintOnlyOnFailureTestExecutionListener@1104cf3a, org.springframework.boot.test.autoconfigure.web.servlet.WebDriverTestExecutionListener@85fd4b, org.springframework.boot.test.autoconfigure.webservices.client.MockWebServiceServerTestExecutionListener@6715a6da, org.springframework.boot.test.mock.mockito.ResetMocksTestExecutionListener@1eb207c3]
2022-04-01 11:21:29.971  INFO 1556 --- [    Test worker] o.s.t.c.transaction.TransactionContext   : Began transaction (1) for test context [DefaultTestContext@4c51fc9a testClass = MemberServiceImplTest, testInstance = com.project.orderservice.service.impl.MemberServiceImplTest@425376cc, testMethod = saveMember_O@MemberServiceImplTest, testException = [null], mergedContextConfiguration = [WebMergedContextConfiguration@28705150 testClass = MemberServiceImplTest, locations = '{}', classes = '{class com.project.orderservice.OrderServiceApplication}', contextInitializerClasses = '[]', activeProfiles = '{}', propertySourceLocations = '{}', propertySourceProperties = '{org.springframework.boot.test.context.SpringBootTestContextBootstrapper=true}', contextCustomizers = set[org.springframework.boot.test.autoconfigure.actuate.metrics.MetricsExportContextCustomizerFactory$DisableMetricExportContextCustomizer@17a87e37, org.springframework.boot.test.autoconfigure.properties.PropertyMappingContextCustomizer@0, org.springframework.boot.test.autoconfigure.web.servlet.WebDriverContextCustomizerFactory$Customizer@2974f221, org.springframework.boot.test.context.filter.ExcludeFilterContextCustomizer@4044fb95, org.springframework.boot.test.json.DuplicateJsonObjectContextCustomizerFactory$DuplicateJsonObjectContextCustomizer@5c00384f, org.springframework.boot.test.mock.mockito.MockitoContextCustomizer@0, org.springframework.boot.test.web.client.TestRestTemplateContextCustomizer@4d18aa28, org.springframework.boot.test.context.SpringBootTestArgs@1, org.springframework.boot.test.context.SpringBootTestWebEnvironment@16612a51], resourceBasePath = 'src/main/webapp', contextLoader = 'org.springframework.boot.test.context.SpringBootContextLoader', parent = [null]], attributes = map['org.springframework.test.context.web.ServletTestExecutionListener.activateListener' -> true, 'org.springframework.test.context.web.ServletTestExecutionListener.populatedRequestContextHolder' -> true, 'org.springframework.test.context.web.ServletTestExecutionListener.resetRequestContextHolder' -> true, 'org.springframework.test.context.event.ApplicationEventsTestExecutionListener.recordApplicationEvents' -> false]]; transaction manager [org.springframework.orm.jpa.JpaTransactionManager@2f69d246]; rollback [true]
2022-04-01 11:21:29.998 DEBUG 1556 --- [    Test worker] org.hibernate.SQL                        : 
    call next value for hibernate_sequence
2022-04-01 11:21:30.001 DEBUG 1556 --- [    Test worker] org.hibernate.SQL                        : 
    call next value for hibernate_sequence
2022-04-01 11:21:30.008 DEBUG 1556 --- [    Test worker] org.hibernate.SQL                        : 
    insert 
    into
        member
        (city, street, zipcode, name, member_id) 
    values
        (?, ?, ?, ?, ?)
2022-04-01 11:21:30.010 DEBUG 1556 --- [    Test worker] org.hibernate.SQL                        : 
    insert 
    into
        member
        (city, street, zipcode, name, member_id) 
    values
        (?, ?, ?, ?, ?)
2022-04-01 11:21:30.011 DEBUG 1556 --- [    Test worker] org.hibernate.SQL                        : 
    select
        member0_.member_id as member_i1_3_,
        member0_.city as city2_3_,
        member0_.street as street3_3_,
        member0_.zipcode as zipcode4_3_,
        member0_.name as name5_3_ 
    from
        member member0_
2022-04-01 11:21:30.024  INFO 1556 --- [    Test worker] o.s.t.c.transaction.TransactionContext   : Rolled back transaction for test: [DefaultTestContext@4c51fc9a testClass = MemberServiceImplTest, testInstance = com.project.orderservice.service.impl.MemberServiceImplTest@425376cc, testMethod = saveMember_O@MemberServiceImplTest, testException = [null], mergedContextConfiguration = [WebMergedContextConfiguration@28705150 testClass = MemberServiceImplTest, locations = '{}', classes = '{class com.project.orderservice.OrderServiceApplication}', contextInitializerClasses = '[]', activeProfiles = '{}', propertySourceLocations = '{}', propertySourceProperties = '{org.springframework.boot.test.context.SpringBootTestContextBootstrapper=true}', contextCustomizers = set[org.springframework.boot.test.autoconfigure.actuate.metrics.MetricsExportContextCustomizerFactory$DisableMetricExportContextCustomizer@17a87e37, org.springframework.boot.test.autoconfigure.properties.PropertyMappingContextCustomizer@0, org.springframework.boot.test.autoconfigure.web.servlet.WebDriverContextCustomizerFactory$Customizer@2974f221, org.springframework.boot.test.context.filter.ExcludeFilterContextCustomizer@4044fb95, org.springframework.boot.test.json.DuplicateJsonObjectContextCustomizerFactory$DuplicateJsonObjectContextCustomizer@5c00384f, org.springframework.boot.test.mock.mockito.MockitoContextCustomizer@0, org.springframework.boot.test.web.client.TestRestTemplateContextCustomizer@4d18aa28, org.springframework.boot.test.context.SpringBootTestArgs@1, org.springframework.boot.test.context.SpringBootTestWebEnvironment@16612a51], resourceBasePath = 'src/main/webapp', contextLoader = 'org.springframework.boot.test.context.SpringBootContextLoader', parent = [null]], attributes = map['org.springframework.test.context.web.ServletTestExecutionListener.activateListener' -> true, 'org.springframework.test.context.web.ServletTestExecutionListener.populatedRequestContextHolder' -> true, 'org.springframework.test.context.web.ServletTestExecutionListener.resetRequestContextHolder' -> true, 'org.springframework.test.context.event.ApplicationEventsTestExecutionListener.recordApplicationEvents' -> false]]
2022-04-01 11:21:30.028  INFO 1556 --- [    Test worker] o.s.t.c.transaction.TransactionContext   : Began transaction (1) for test context [DefaultTestContext@4c51fc9a testClass = MemberServiceImplTest, testInstance = com.project.orderservice.service.impl.MemberServiceImplTest@3cd758be, testMethod = saveMember_X@MemberServiceImplTest, testException = [null], mergedContextConfiguration = [WebMergedContextConfiguration@28705150 testClass = MemberServiceImplTest, locations = '{}', classes = '{class com.project.orderservice.OrderServiceApplication}', contextInitializerClasses = '[]', activeProfiles = '{}', propertySourceLocations = '{}', propertySourceProperties = '{org.springframework.boot.test.context.SpringBootTestContextBootstrapper=true}', contextCustomizers = set[org.springframework.boot.test.autoconfigure.actuate.metrics.MetricsExportContextCustomizerFactory$DisableMetricExportContextCustomizer@17a87e37, org.springframework.boot.test.autoconfigure.properties.PropertyMappingContextCustomizer@0, org.springframework.boot.test.autoconfigure.web.servlet.WebDriverContextCustomizerFactory$Customizer@2974f221, org.springframework.boot.test.context.filter.ExcludeFilterContextCustomizer@4044fb95, org.springframework.boot.test.json.DuplicateJsonObjectContextCustomizerFactory$DuplicateJsonObjectContextCustomizer@5c00384f, org.springframework.boot.test.mock.mockito.MockitoContextCustomizer@0, org.springframework.boot.test.web.client.TestRestTemplateContextCustomizer@4d18aa28, org.springframework.boot.test.context.SpringBootTestArgs@1, org.springframework.boot.test.context.SpringBootTestWebEnvironment@16612a51], resourceBasePath = 'src/main/webapp', contextLoader = 'org.springframework.boot.test.context.SpringBootContextLoader', parent = [null]], attributes = map['org.springframework.test.context.web.ServletTestExecutionListener.activateListener' -> true, 'org.springframework.test.context.web.ServletTestExecutionListener.populatedRequestContextHolder' -> true, 'org.springframework.test.context.web.ServletTestExecutionListener.resetRequestContextHolder' -> true, 'org.springframework.test.context.event.ApplicationEventsTestExecutionListener.recordApplicationEvents' -> false]]; transaction manager [org.springframework.orm.jpa.JpaTransactionManager@2f69d246]; rollback [true]
2022-04-01 11:21:30.034 DEBUG 1556 --- [    Test worker] org.hibernate.SQL                        : 
    select
        member0_.member_id as member_i1_3_0_,
        member0_.city as city2_3_0_,
        member0_.street as street3_3_0_,
        member0_.zipcode as zipcode4_3_0_,
        member0_.name as name5_3_0_ 
    from
        member member0_ 
    where
        member0_.member_id=?
2022-04-01 11:21:30.045  INFO 1556 --- [    Test worker] o.s.t.c.transaction.TransactionContext   : Rolled back transaction for test: [DefaultTestContext@4c51fc9a testClass = MemberServiceImplTest, testInstance = com.project.orderservice.service.impl.MemberServiceImplTest@3cd758be, testMethod = saveMember_X@MemberServiceImplTest, testException = [null], mergedContextConfiguration = [WebMergedContextConfiguration@28705150 testClass = MemberServiceImplTest, locations = '{}', classes = '{class com.project.orderservice.OrderServiceApplication}', contextInitializerClasses = '[]', activeProfiles = '{}', propertySourceLocations = '{}', propertySourceProperties = '{org.springframework.boot.test.context.SpringBootTestContextBootstrapper=true}', contextCustomizers = set[org.springframework.boot.test.autoconfigure.actuate.metrics.MetricsExportContextCustomizerFactory$DisableMetricExportContextCustomizer@17a87e37, org.springframework.boot.test.autoconfigure.properties.PropertyMappingContextCustomizer@0, org.springframework.boot.test.autoconfigure.web.servlet.WebDriverContextCustomizerFactory$Customizer@2974f221, org.springframework.boot.test.context.filter.ExcludeFilterContextCustomizer@4044fb95, org.springframework.boot.test.json.DuplicateJsonObjectContextCustomizerFactory$DuplicateJsonObjectContextCustomizer@5c00384f, org.springframework.boot.test.mock.mockito.MockitoContextCustomizer@0, org.springframework.boot.test.web.client.TestRestTemplateContextCustomizer@4d18aa28, org.springframework.boot.test.context.SpringBootTestArgs@1, org.springframework.boot.test.context.SpringBootTestWebEnvironment@16612a51], resourceBasePath = 'src/main/webapp', contextLoader = 'org.springframework.boot.test.context.SpringBootContextLoader', parent = [null]], attributes = map['org.springframework.test.context.web.ServletTestExecutionListener.activateListener' -> true, 'org.springframework.test.context.web.ServletTestExecutionListener.populatedRequestContextHolder' -> true, 'org.springframework.test.context.web.ServletTestExecutionListener.resetRequestContextHolder' -> true, 'org.springframework.test.context.event.ApplicationEventsTestExecutionListener.recordApplicationEvents' -> false]]
2022-04-01 11:21:30.048  INFO 1556 --- [    Test worker] o.s.t.c.transaction.TransactionContext   : Began transaction (1) for test context [DefaultTestContext@4c51fc9a testClass = MemberServiceImplTest, testInstance = com.project.orderservice.service.impl.MemberServiceImplTest@6da86e98, testMethod = findMember@MemberServiceImplTest, testException = [null], mergedContextConfiguration = [WebMergedContextConfiguration@28705150 testClass = MemberServiceImplTest, locations = '{}', classes = '{class com.project.orderservice.OrderServiceApplication}', contextInitializerClasses = '[]', activeProfiles = '{}', propertySourceLocations = '{}', propertySourceProperties = '{org.springframework.boot.test.context.SpringBootTestContextBootstrapper=true}', contextCustomizers = set[org.springframework.boot.test.autoconfigure.actuate.metrics.MetricsExportContextCustomizerFactory$DisableMetricExportContextCustomizer@17a87e37, org.springframework.boot.test.autoconfigure.properties.PropertyMappingContextCustomizer@0, org.springframework.boot.test.autoconfigure.web.servlet.WebDriverContextCustomizerFactory$Customizer@2974f221, org.springframework.boot.test.context.filter.ExcludeFilterContextCustomizer@4044fb95, org.springframework.boot.test.json.DuplicateJsonObjectContextCustomizerFactory$DuplicateJsonObjectContextCustomizer@5c00384f, org.springframework.boot.test.mock.mockito.MockitoContextCustomizer@0, org.springframework.boot.test.web.client.TestRestTemplateContextCustomizer@4d18aa28, org.springframework.boot.test.context.SpringBootTestArgs@1, org.springframework.boot.test.context.SpringBootTestWebEnvironment@16612a51], resourceBasePath = 'src/main/webapp', contextLoader = 'org.springframework.boot.test.context.SpringBootContextLoader', parent = [null]], attributes = map['org.springframework.test.context.web.ServletTestExecutionListener.activateListener' -> true, 'org.springframework.test.context.web.ServletTestExecutionListener.populatedRequestContextHolder' -> true, 'org.springframework.test.context.web.ServletTestExecutionListener.resetRequestContextHolder' -> true, 'org.springframework.test.context.event.ApplicationEventsTestExecutionListener.recordApplicationEvents' -> false]]; transaction manager [org.springframework.orm.jpa.JpaTransactionManager@2f69d246]; rollback [true]
2022-04-01 11:21:30.049 DEBUG 1556 --- [    Test worker] org.hibernate.SQL                        : 
    call next value for hibernate_sequence
2022-04-01 11:21:30.051 DEBUG 1556 --- [    Test worker] org.hibernate.SQL                        : 
    call next value for hibernate_sequence
2022-04-01 11:21:30.055  INFO 1556 --- [    Test worker] o.s.t.c.transaction.TransactionContext   : Rolled back transaction for test: [DefaultTestContext@4c51fc9a testClass = MemberServiceImplTest, testInstance = com.project.orderservice.service.impl.MemberServiceImplTest@6da86e98, testMethod = findMember@MemberServiceImplTest, testException = [null], mergedContextConfiguration = [WebMergedContextConfiguration@28705150 testClass = MemberServiceImplTest, locations = '{}', classes = '{class com.project.orderservice.OrderServiceApplication}', contextInitializerClasses = '[]', activeProfiles = '{}', propertySourceLocations = '{}', propertySourceProperties = '{org.springframework.boot.test.context.SpringBootTestContextBootstrapper=true}', contextCustomizers = set[org.springframework.boot.test.autoconfigure.actuate.metrics.MetricsExportContextCustomizerFactory$DisableMetricExportContextCustomizer@17a87e37, org.springframework.boot.test.autoconfigure.properties.PropertyMappingContextCustomizer@0, org.springframework.boot.test.autoconfigure.web.servlet.WebDriverContextCustomizerFactory$Customizer@2974f221, org.springframework.boot.test.context.filter.ExcludeFilterContextCustomizer@4044fb95, org.springframework.boot.test.json.DuplicateJsonObjectContextCustomizerFactory$DuplicateJsonObjectContextCustomizer@5c00384f, org.springframework.boot.test.mock.mockito.MockitoContextCustomizer@0, org.springframework.boot.test.web.client.TestRestTemplateContextCustomizer@4d18aa28, org.springframework.boot.test.context.SpringBootTestArgs@1, org.springframework.boot.test.context.SpringBootTestWebEnvironment@16612a51], resourceBasePath = 'src/main/webapp', contextLoader = 'org.springframework.boot.test.context.SpringBootContextLoader', parent = [null]], attributes = map['org.springframework.test.context.web.ServletTestExecutionListener.activateListener' -> true, 'org.springframework.test.context.web.ServletTestExecutionListener.populatedRequestContextHolder' -> true, 'org.springframework.test.context.web.ServletTestExecutionListener.resetRequestContextHolder' -> true, 'org.springframework.test.context.event.ApplicationEventsTestExecutionListener.recordApplicationEvents' -> false]]
2022-04-01 11:21:30.061  INFO 1556 --- [    Test worker] o.s.t.c.transaction.TransactionContext   : Began transaction (1) for test context [DefaultTestContext@4c51fc9a testClass = MemberServiceImplTest, testInstance = com.project.orderservice.service.impl.MemberServiceImplTest@206de1f, testMethod = saveMember_returnId@MemberServiceImplTest, testException = [null], mergedContextConfiguration = [WebMergedContextConfiguration@28705150 testClass = MemberServiceImplTest, locations = '{}', classes = '{class com.project.orderservice.OrderServiceApplication}', contextInitializerClasses = '[]', activeProfiles = '{}', propertySourceLocations = '{}', propertySourceProperties = '{org.springframework.boot.test.context.SpringBootTestContextBootstrapper=true}', contextCustomizers = set[org.springframework.boot.test.autoconfigure.actuate.metrics.MetricsExportContextCustomizerFactory$DisableMetricExportContextCustomizer@17a87e37, org.springframework.boot.test.autoconfigure.properties.PropertyMappingContextCustomizer@0, org.springframework.boot.test.autoconfigure.web.servlet.WebDriverContextCustomizerFactory$Customizer@2974f221, org.springframework.boot.test.context.filter.ExcludeFilterContextCustomizer@4044fb95, org.springframework.boot.test.json.DuplicateJsonObjectContextCustomizerFactory$DuplicateJsonObjectContextCustomizer@5c00384f, org.springframework.boot.test.mock.mockito.MockitoContextCustomizer@0, org.springframework.boot.test.web.client.TestRestTemplateContextCustomizer@4d18aa28, org.springframework.boot.test.context.SpringBootTestArgs@1, org.springframework.boot.test.context.SpringBootTestWebEnvironment@16612a51], resourceBasePath = 'src/main/webapp', contextLoader = 'org.springframework.boot.test.context.SpringBootContextLoader', parent = [null]], attributes = map['org.springframework.test.context.web.ServletTestExecutionListener.activateListener' -> true, 'org.springframework.test.context.web.ServletTestExecutionListener.populatedRequestContextHolder' -> true, 'org.springframework.test.context.web.ServletTestExecutionListener.resetRequestContextHolder' -> true, 'org.springframework.test.context.event.ApplicationEventsTestExecutionListener.recordApplicationEvents' -> false]]; transaction manager [org.springframework.orm.jpa.JpaTransactionManager@2f69d246]; rollback [true]
2022-04-01 11:21:30.063 DEBUG 1556 --- [    Test worker] org.hibernate.SQL                        : 
    call next value for hibernate_sequence
2022-04-01 11:21:30.066 DEBUG 1556 --- [    Test worker] org.hibernate.SQL                        : 
    insert 
    into
        member
        (city, street, zipcode, name, member_id) 
    values
        (?, ?, ?, ?, ?)
2022-04-01 11:21:30.067 DEBUG 1556 --- [    Test worker] org.hibernate.SQL                        : 
    select
        member0_.member_id as member_i1_3_,
        member0_.city as city2_3_,
        member0_.street as street3_3_,
        member0_.zipcode as zipcode4_3_,
        member0_.name as name5_3_ 
    from
        member member0_
2022-04-01 11:21:30.074  INFO 1556 --- [    Test worker] o.s.t.c.transaction.TransactionContext   : Rolled back transaction for test: [DefaultTestContext@4c51fc9a testClass = MemberServiceImplTest, testInstance = com.project.orderservice.service.impl.MemberServiceImplTest@206de1f, testMethod = saveMember_returnId@MemberServiceImplTest, testException = [null], mergedContextConfiguration = [WebMergedContextConfiguration@28705150 testClass = MemberServiceImplTest, locations = '{}', classes = '{class com.project.orderservice.OrderServiceApplication}', contextInitializerClasses = '[]', activeProfiles = '{}', propertySourceLocations = '{}', propertySourceProperties = '{org.springframework.boot.test.context.SpringBootTestContextBootstrapper=true}', contextCustomizers = set[org.springframework.boot.test.autoconfigure.actuate.metrics.MetricsExportContextCustomizerFactory$DisableMetricExportContextCustomizer@17a87e37, org.springframework.boot.test.autoconfigure.properties.PropertyMappingContextCustomizer@0, org.springframework.boot.test.autoconfigure.web.servlet.WebDriverContextCustomizerFactory$Customizer@2974f221, org.springframework.boot.test.context.filter.ExcludeFilterContextCustomizer@4044fb95, org.springframework.boot.test.json.DuplicateJsonObjectContextCustomizerFactory$DuplicateJsonObjectContextCustomizer@5c00384f, org.springframework.boot.test.mock.mockito.MockitoContextCustomizer@0, org.springframework.boot.test.web.client.TestRestTemplateContextCustomizer@4d18aa28, org.springframework.boot.test.context.SpringBootTestArgs@1, org.springframework.boot.test.context.SpringBootTestWebEnvironment@16612a51], resourceBasePath = 'src/main/webapp', contextLoader = 'org.springframework.boot.test.context.SpringBootContextLoader', parent = [null]], attributes = map['org.springframework.test.context.web.ServletTestExecutionListener.activateListener' -> true, 'org.springframework.test.context.web.ServletTestExecutionListener.populatedRequestContextHolder' -> true, 'org.springframework.test.context.web.ServletTestExecutionListener.resetRequestContextHolder' -> true, 'org.springframework.test.context.event.ApplicationEventsTestExecutionListener.recordApplicationEvents' -> false]]
]]></system-out>
  <system-err><![CDATA[]]></system-err>
</testsuite>
