<?xml version="1.0" encoding="UTF-8"?>
<testsuite name="com.project.orderservice.service.impl.OrderServiceImplTest" tests="4" skipped="0" failures="0" errors="0" timestamp="2022-04-02T07:54:21" hostname="baeg-eunhuiui-MacBookPro.local" time="0.079">
  <properties/>
  <testcase name="주문 등록 성공" classname="com.project.orderservice.service.impl.OrderServiceImplTest" time="0.043"/>
  <testcase name="주문 등록 재고 수량 부족_예외 발생" classname="com.project.orderservice.service.impl.OrderServiceImplTest" time="0.013"/>
  <testcase name="findAllOrders()" classname="com.project.orderservice.service.impl.OrderServiceImplTest" time="0.007"/>
  <testcase name="findOrder()" classname="com.project.orderservice.service.impl.OrderServiceImplTest" time="0.009"/>
  <system-out><![CDATA[2022-04-02 16:54:21.127  INFO 1506 --- [    Test worker] .b.t.c.SpringBootTestContextBootstrapper : Neither @ContextConfiguration nor @ContextHierarchy found for test class [com.project.orderservice.service.impl.OrderServiceImplTest], using SpringBootContextLoader
2022-04-02 16:54:21.128  INFO 1506 --- [    Test worker] o.s.t.c.support.AbstractContextLoader    : Could not detect default resource locations for test class [com.project.orderservice.service.impl.OrderServiceImplTest]: no resource found for suffixes {-context.xml, Context.groovy}.
2022-04-02 16:54:21.128  INFO 1506 --- [    Test worker] t.c.s.AnnotationConfigContextLoaderUtils : Could not detect default configuration classes for test class [com.project.orderservice.service.impl.OrderServiceImplTest]: OrderServiceImplTest does not declare any static, non-private, non-final, nested classes annotated with @Configuration.
2022-04-02 16:54:21.130  INFO 1506 --- [    Test worker] .b.t.c.SpringBootTestContextBootstrapper : Found @SpringBootConfiguration com.project.orderservice.OrderServiceApplication for test class com.project.orderservice.service.impl.OrderServiceImplTest
2022-04-02 16:54:21.132  INFO 1506 --- [    Test worker] .b.t.c.SpringBootTestContextBootstrapper : Loaded default TestExecutionListener class names from location [META-INF/spring.factories]: [org.springframework.boot.test.autoconfigure.restdocs.RestDocsTestExecutionListener, org.springframework.boot.test.autoconfigure.web.client.MockRestServiceServerResetTestExecutionListener, org.springframework.boot.test.autoconfigure.web.servlet.MockMvcPrintOnlyOnFailureTestExecutionListener, org.springframework.boot.test.autoconfigure.web.servlet.WebDriverTestExecutionListener, org.springframework.boot.test.autoconfigure.webservices.client.MockWebServiceServerTestExecutionListener, org.springframework.boot.test.mock.mockito.MockitoTestExecutionListener, org.springframework.boot.test.mock.mockito.ResetMocksTestExecutionListener, org.springframework.test.context.web.ServletTestExecutionListener, org.springframework.test.context.support.DirtiesContextBeforeModesTestExecutionListener, org.springframework.test.context.event.ApplicationEventsTestExecutionListener, org.springframework.test.context.support.DependencyInjectionTestExecutionListener, org.springframework.test.context.support.DirtiesContextTestExecutionListener, org.springframework.test.context.transaction.TransactionalTestExecutionListener, org.springframework.test.context.jdbc.SqlScriptsTestExecutionListener, org.springframework.test.context.event.EventPublishingTestExecutionListener]
2022-04-02 16:54:21.132  INFO 1506 --- [    Test worker] .b.t.c.SpringBootTestContextBootstrapper : Using TestExecutionListeners: [org.springframework.test.context.web.ServletTestExecutionListener@288e50c1, org.springframework.test.context.support.DirtiesContextBeforeModesTestExecutionListener@58e0d1ac, org.springframework.test.context.event.ApplicationEventsTestExecutionListener@7fba30fe, org.springframework.boot.test.mock.mockito.MockitoTestExecutionListener@5cbebfba, org.springframework.boot.test.autoconfigure.SpringBootDependencyInjectionTestExecutionListener@66ce4b4, org.springframework.test.context.support.DirtiesContextTestExecutionListener@58df2864, org.springframework.test.context.transaction.TransactionalTestExecutionListener@76ccde41, org.springframework.test.context.jdbc.SqlScriptsTestExecutionListener@5f26fc4d, org.springframework.test.context.event.EventPublishingTestExecutionListener@3e8eea59, org.springframework.boot.test.autoconfigure.restdocs.RestDocsTestExecutionListener@1fb379e4, org.springframework.boot.test.autoconfigure.web.client.MockRestServiceServerResetTestExecutionListener@f9d8285, org.springframework.boot.test.autoconfigure.web.servlet.MockMvcPrintOnlyOnFailureTestExecutionListener@67b1c3af, org.springframework.boot.test.autoconfigure.web.servlet.WebDriverTestExecutionListener@2e243122, org.springframework.boot.test.autoconfigure.webservices.client.MockWebServiceServerTestExecutionListener@2a5c115b, org.springframework.boot.test.mock.mockito.ResetMocksTestExecutionListener@49b6373f]
2022-04-02 16:54:21.140  INFO 1506 --- [    Test worker] o.s.t.c.transaction.TransactionContext   : Began transaction (1) for test context [DefaultTestContext@e5d9fa7 testClass = OrderServiceImplTest, testInstance = com.project.orderservice.service.impl.OrderServiceImplTest@4010f232, testMethod = saveOrder_O@OrderServiceImplTest, testException = [null], mergedContextConfiguration = [WebMergedContextConfiguration@24be6e34 testClass = OrderServiceImplTest, locations = '{}', classes = '{class com.project.orderservice.OrderServiceApplication}', contextInitializerClasses = '[]', activeProfiles = '{}', propertySourceLocations = '{}', propertySourceProperties = '{org.springframework.boot.test.context.SpringBootTestContextBootstrapper=true}', contextCustomizers = set[org.springframework.boot.test.autoconfigure.actuate.metrics.MetricsExportContextCustomizerFactory$DisableMetricExportContextCustomizer@6b44435b, org.springframework.boot.test.autoconfigure.properties.PropertyMappingContextCustomizer@0, org.springframework.boot.test.autoconfigure.web.servlet.WebDriverContextCustomizerFactory$Customizer@6941827a, org.springframework.boot.test.context.filter.ExcludeFilterContextCustomizer@488eb7f2, org.springframework.boot.test.json.DuplicateJsonObjectContextCustomizerFactory$DuplicateJsonObjectContextCustomizer@3fa2213, org.springframework.boot.test.mock.mockito.MockitoContextCustomizer@0, org.springframework.boot.test.web.client.TestRestTemplateContextCustomizer@25b2cfcb, org.springframework.boot.test.context.SpringBootTestArgs@1, org.springframework.boot.test.context.SpringBootTestWebEnvironment@20bd8be5], resourceBasePath = 'src/main/webapp', contextLoader = 'org.springframework.boot.test.context.SpringBootContextLoader', parent = [null]], attributes = map['org.springframework.test.context.web.ServletTestExecutionListener.activateListener' -> true, 'org.springframework.test.context.web.ServletTestExecutionListener.populatedRequestContextHolder' -> true, 'org.springframework.test.context.web.ServletTestExecutionListener.resetRequestContextHolder' -> true, 'org.springframework.test.context.event.ApplicationEventsTestExecutionListener.recordApplicationEvents' -> false]]; transaction manager [org.springframework.orm.jpa.JpaTransactionManager@360d3f47]; rollback [true]
2022-04-02 16:54:21.142 DEBUG 1506 --- [    Test worker] org.hibernate.SQL                        : 
    call next value for hibernate_sequence
2022-04-02 16:54:21.145 DEBUG 1506 --- [    Test worker] org.hibernate.SQL                        : 
    call next value for hibernate_sequence
2022-04-02 16:54:21.170 DEBUG 1506 --- [    Test worker] org.hibernate.SQL                        : 
    call next value for hibernate_sequence
2022-04-02 16:54:21.179  INFO 1506 --- [    Test worker] o.s.t.c.transaction.TransactionContext   : Rolled back transaction for test: [DefaultTestContext@e5d9fa7 testClass = OrderServiceImplTest, testInstance = com.project.orderservice.service.impl.OrderServiceImplTest@4010f232, testMethod = saveOrder_O@OrderServiceImplTest, testException = [null], mergedContextConfiguration = [WebMergedContextConfiguration@24be6e34 testClass = OrderServiceImplTest, locations = '{}', classes = '{class com.project.orderservice.OrderServiceApplication}', contextInitializerClasses = '[]', activeProfiles = '{}', propertySourceLocations = '{}', propertySourceProperties = '{org.springframework.boot.test.context.SpringBootTestContextBootstrapper=true}', contextCustomizers = set[org.springframework.boot.test.autoconfigure.actuate.metrics.MetricsExportContextCustomizerFactory$DisableMetricExportContextCustomizer@6b44435b, org.springframework.boot.test.autoconfigure.properties.PropertyMappingContextCustomizer@0, org.springframework.boot.test.autoconfigure.web.servlet.WebDriverContextCustomizerFactory$Customizer@6941827a, org.springframework.boot.test.context.filter.ExcludeFilterContextCustomizer@488eb7f2, org.springframework.boot.test.json.DuplicateJsonObjectContextCustomizerFactory$DuplicateJsonObjectContextCustomizer@3fa2213, org.springframework.boot.test.mock.mockito.MockitoContextCustomizer@0, org.springframework.boot.test.web.client.TestRestTemplateContextCustomizer@25b2cfcb, org.springframework.boot.test.context.SpringBootTestArgs@1, org.springframework.boot.test.context.SpringBootTestWebEnvironment@20bd8be5], resourceBasePath = 'src/main/webapp', contextLoader = 'org.springframework.boot.test.context.SpringBootContextLoader', parent = [null]], attributes = map['org.springframework.test.context.web.ServletTestExecutionListener.activateListener' -> true, 'org.springframework.test.context.web.ServletTestExecutionListener.populatedRequestContextHolder' -> true, 'org.springframework.test.context.web.ServletTestExecutionListener.resetRequestContextHolder' -> true, 'org.springframework.test.context.event.ApplicationEventsTestExecutionListener.recordApplicationEvents' -> false]]
2022-04-02 16:54:21.183  INFO 1506 --- [    Test worker] o.s.t.c.transaction.TransactionContext   : Began transaction (1) for test context [DefaultTestContext@e5d9fa7 testClass = OrderServiceImplTest, testInstance = com.project.orderservice.service.impl.OrderServiceImplTest@4accc3de, testMethod = saveOrder_X@OrderServiceImplTest, testException = [null], mergedContextConfiguration = [WebMergedContextConfiguration@24be6e34 testClass = OrderServiceImplTest, locations = '{}', classes = '{class com.project.orderservice.OrderServiceApplication}', contextInitializerClasses = '[]', activeProfiles = '{}', propertySourceLocations = '{}', propertySourceProperties = '{org.springframework.boot.test.context.SpringBootTestContextBootstrapper=true}', contextCustomizers = set[org.springframework.boot.test.autoconfigure.actuate.metrics.MetricsExportContextCustomizerFactory$DisableMetricExportContextCustomizer@6b44435b, org.springframework.boot.test.autoconfigure.properties.PropertyMappingContextCustomizer@0, org.springframework.boot.test.autoconfigure.web.servlet.WebDriverContextCustomizerFactory$Customizer@6941827a, org.springframework.boot.test.context.filter.ExcludeFilterContextCustomizer@488eb7f2, org.springframework.boot.test.json.DuplicateJsonObjectContextCustomizerFactory$DuplicateJsonObjectContextCustomizer@3fa2213, org.springframework.boot.test.mock.mockito.MockitoContextCustomizer@0, org.springframework.boot.test.web.client.TestRestTemplateContextCustomizer@25b2cfcb, org.springframework.boot.test.context.SpringBootTestArgs@1, org.springframework.boot.test.context.SpringBootTestWebEnvironment@20bd8be5], resourceBasePath = 'src/main/webapp', contextLoader = 'org.springframework.boot.test.context.SpringBootContextLoader', parent = [null]], attributes = map['org.springframework.test.context.web.ServletTestExecutionListener.activateListener' -> true, 'org.springframework.test.context.web.ServletTestExecutionListener.populatedRequestContextHolder' -> true, 'org.springframework.test.context.web.ServletTestExecutionListener.resetRequestContextHolder' -> true, 'org.springframework.test.context.event.ApplicationEventsTestExecutionListener.recordApplicationEvents' -> false]]; transaction manager [org.springframework.orm.jpa.JpaTransactionManager@360d3f47]; rollback [true]
2022-04-02 16:54:21.185 DEBUG 1506 --- [    Test worker] org.hibernate.SQL                        : 
    call next value for hibernate_sequence
2022-04-02 16:54:21.187 DEBUG 1506 --- [    Test worker] org.hibernate.SQL                        : 
    call next value for hibernate_sequence
2022-04-02 16:54:21.194  INFO 1506 --- [    Test worker] o.s.t.c.transaction.TransactionContext   : Rolled back transaction for test: [DefaultTestContext@e5d9fa7 testClass = OrderServiceImplTest, testInstance = com.project.orderservice.service.impl.OrderServiceImplTest@4accc3de, testMethod = saveOrder_X@OrderServiceImplTest, testException = [null], mergedContextConfiguration = [WebMergedContextConfiguration@24be6e34 testClass = OrderServiceImplTest, locations = '{}', classes = '{class com.project.orderservice.OrderServiceApplication}', contextInitializerClasses = '[]', activeProfiles = '{}', propertySourceLocations = '{}', propertySourceProperties = '{org.springframework.boot.test.context.SpringBootTestContextBootstrapper=true}', contextCustomizers = set[org.springframework.boot.test.autoconfigure.actuate.metrics.MetricsExportContextCustomizerFactory$DisableMetricExportContextCustomizer@6b44435b, org.springframework.boot.test.autoconfigure.properties.PropertyMappingContextCustomizer@0, org.springframework.boot.test.autoconfigure.web.servlet.WebDriverContextCustomizerFactory$Customizer@6941827a, org.springframework.boot.test.context.filter.ExcludeFilterContextCustomizer@488eb7f2, org.springframework.boot.test.json.DuplicateJsonObjectContextCustomizerFactory$DuplicateJsonObjectContextCustomizer@3fa2213, org.springframework.boot.test.mock.mockito.MockitoContextCustomizer@0, org.springframework.boot.test.web.client.TestRestTemplateContextCustomizer@25b2cfcb, org.springframework.boot.test.context.SpringBootTestArgs@1, org.springframework.boot.test.context.SpringBootTestWebEnvironment@20bd8be5], resourceBasePath = 'src/main/webapp', contextLoader = 'org.springframework.boot.test.context.SpringBootContextLoader', parent = [null]], attributes = map['org.springframework.test.context.web.ServletTestExecutionListener.activateListener' -> true, 'org.springframework.test.context.web.ServletTestExecutionListener.populatedRequestContextHolder' -> true, 'org.springframework.test.context.web.ServletTestExecutionListener.resetRequestContextHolder' -> true, 'org.springframework.test.context.event.ApplicationEventsTestExecutionListener.recordApplicationEvents' -> false]]
2022-04-02 16:54:21.198  INFO 1506 --- [    Test worker] o.s.t.c.transaction.TransactionContext   : Began transaction (1) for test context [DefaultTestContext@e5d9fa7 testClass = OrderServiceImplTest, testInstance = com.project.orderservice.service.impl.OrderServiceImplTest@5cbaafbd, testMethod = findAllOrders@OrderServiceImplTest, testException = [null], mergedContextConfiguration = [WebMergedContextConfiguration@24be6e34 testClass = OrderServiceImplTest, locations = '{}', classes = '{class com.project.orderservice.OrderServiceApplication}', contextInitializerClasses = '[]', activeProfiles = '{}', propertySourceLocations = '{}', propertySourceProperties = '{org.springframework.boot.test.context.SpringBootTestContextBootstrapper=true}', contextCustomizers = set[org.springframework.boot.test.autoconfigure.actuate.metrics.MetricsExportContextCustomizerFactory$DisableMetricExportContextCustomizer@6b44435b, org.springframework.boot.test.autoconfigure.properties.PropertyMappingContextCustomizer@0, org.springframework.boot.test.autoconfigure.web.servlet.WebDriverContextCustomizerFactory$Customizer@6941827a, org.springframework.boot.test.context.filter.ExcludeFilterContextCustomizer@488eb7f2, org.springframework.boot.test.json.DuplicateJsonObjectContextCustomizerFactory$DuplicateJsonObjectContextCustomizer@3fa2213, org.springframework.boot.test.mock.mockito.MockitoContextCustomizer@0, org.springframework.boot.test.web.client.TestRestTemplateContextCustomizer@25b2cfcb, org.springframework.boot.test.context.SpringBootTestArgs@1, org.springframework.boot.test.context.SpringBootTestWebEnvironment@20bd8be5], resourceBasePath = 'src/main/webapp', contextLoader = 'org.springframework.boot.test.context.SpringBootContextLoader', parent = [null]], attributes = map['org.springframework.test.context.web.ServletTestExecutionListener.activateListener' -> true, 'org.springframework.test.context.web.ServletTestExecutionListener.populatedRequestContextHolder' -> true, 'org.springframework.test.context.web.ServletTestExecutionListener.resetRequestContextHolder' -> true, 'org.springframework.test.context.event.ApplicationEventsTestExecutionListener.recordApplicationEvents' -> false]]; transaction manager [org.springframework.orm.jpa.JpaTransactionManager@360d3f47]; rollback [true]
2022-04-02 16:54:21.203  INFO 1506 --- [    Test worker] o.s.t.c.transaction.TransactionContext   : Rolled back transaction for test: [DefaultTestContext@e5d9fa7 testClass = OrderServiceImplTest, testInstance = com.project.orderservice.service.impl.OrderServiceImplTest@5cbaafbd, testMethod = findAllOrders@OrderServiceImplTest, testException = [null], mergedContextConfiguration = [WebMergedContextConfiguration@24be6e34 testClass = OrderServiceImplTest, locations = '{}', classes = '{class com.project.orderservice.OrderServiceApplication}', contextInitializerClasses = '[]', activeProfiles = '{}', propertySourceLocations = '{}', propertySourceProperties = '{org.springframework.boot.test.context.SpringBootTestContextBootstrapper=true}', contextCustomizers = set[org.springframework.boot.test.autoconfigure.actuate.metrics.MetricsExportContextCustomizerFactory$DisableMetricExportContextCustomizer@6b44435b, org.springframework.boot.test.autoconfigure.properties.PropertyMappingContextCustomizer@0, org.springframework.boot.test.autoconfigure.web.servlet.WebDriverContextCustomizerFactory$Customizer@6941827a, org.springframework.boot.test.context.filter.ExcludeFilterContextCustomizer@488eb7f2, org.springframework.boot.test.json.DuplicateJsonObjectContextCustomizerFactory$DuplicateJsonObjectContextCustomizer@3fa2213, org.springframework.boot.test.mock.mockito.MockitoContextCustomizer@0, org.springframework.boot.test.web.client.TestRestTemplateContextCustomizer@25b2cfcb, org.springframework.boot.test.context.SpringBootTestArgs@1, org.springframework.boot.test.context.SpringBootTestWebEnvironment@20bd8be5], resourceBasePath = 'src/main/webapp', contextLoader = 'org.springframework.boot.test.context.SpringBootContextLoader', parent = [null]], attributes = map['org.springframework.test.context.web.ServletTestExecutionListener.activateListener' -> true, 'org.springframework.test.context.web.ServletTestExecutionListener.populatedRequestContextHolder' -> true, 'org.springframework.test.context.web.ServletTestExecutionListener.resetRequestContextHolder' -> true, 'org.springframework.test.context.event.ApplicationEventsTestExecutionListener.recordApplicationEvents' -> false]]
2022-04-02 16:54:21.207  INFO 1506 --- [    Test worker] o.s.t.c.transaction.TransactionContext   : Began transaction (1) for test context [DefaultTestContext@e5d9fa7 testClass = OrderServiceImplTest, testInstance = com.project.orderservice.service.impl.OrderServiceImplTest@7f5c4ff8, testMethod = findOrder@OrderServiceImplTest, testException = [null], mergedContextConfiguration = [WebMergedContextConfiguration@24be6e34 testClass = OrderServiceImplTest, locations = '{}', classes = '{class com.project.orderservice.OrderServiceApplication}', contextInitializerClasses = '[]', activeProfiles = '{}', propertySourceLocations = '{}', propertySourceProperties = '{org.springframework.boot.test.context.SpringBootTestContextBootstrapper=true}', contextCustomizers = set[org.springframework.boot.test.autoconfigure.actuate.metrics.MetricsExportContextCustomizerFactory$DisableMetricExportContextCustomizer@6b44435b, org.springframework.boot.test.autoconfigure.properties.PropertyMappingContextCustomizer@0, org.springframework.boot.test.autoconfigure.web.servlet.WebDriverContextCustomizerFactory$Customizer@6941827a, org.springframework.boot.test.context.filter.ExcludeFilterContextCustomizer@488eb7f2, org.springframework.boot.test.json.DuplicateJsonObjectContextCustomizerFactory$DuplicateJsonObjectContextCustomizer@3fa2213, org.springframework.boot.test.mock.mockito.MockitoContextCustomizer@0, org.springframework.boot.test.web.client.TestRestTemplateContextCustomizer@25b2cfcb, org.springframework.boot.test.context.SpringBootTestArgs@1, org.springframework.boot.test.context.SpringBootTestWebEnvironment@20bd8be5], resourceBasePath = 'src/main/webapp', contextLoader = 'org.springframework.boot.test.context.SpringBootContextLoader', parent = [null]], attributes = map['org.springframework.test.context.web.ServletTestExecutionListener.activateListener' -> true, 'org.springframework.test.context.web.ServletTestExecutionListener.populatedRequestContextHolder' -> true, 'org.springframework.test.context.web.ServletTestExecutionListener.resetRequestContextHolder' -> true, 'org.springframework.test.context.event.ApplicationEventsTestExecutionListener.recordApplicationEvents' -> false]]; transaction manager [org.springframework.orm.jpa.JpaTransactionManager@360d3f47]; rollback [true]
2022-04-02 16:54:21.213  INFO 1506 --- [    Test worker] o.s.t.c.transaction.TransactionContext   : Rolled back transaction for test: [DefaultTestContext@e5d9fa7 testClass = OrderServiceImplTest, testInstance = com.project.orderservice.service.impl.OrderServiceImplTest@7f5c4ff8, testMethod = findOrder@OrderServiceImplTest, testException = [null], mergedContextConfiguration = [WebMergedContextConfiguration@24be6e34 testClass = OrderServiceImplTest, locations = '{}', classes = '{class com.project.orderservice.OrderServiceApplication}', contextInitializerClasses = '[]', activeProfiles = '{}', propertySourceLocations = '{}', propertySourceProperties = '{org.springframework.boot.test.context.SpringBootTestContextBootstrapper=true}', contextCustomizers = set[org.springframework.boot.test.autoconfigure.actuate.metrics.MetricsExportContextCustomizerFactory$DisableMetricExportContextCustomizer@6b44435b, org.springframework.boot.test.autoconfigure.properties.PropertyMappingContextCustomizer@0, org.springframework.boot.test.autoconfigure.web.servlet.WebDriverContextCustomizerFactory$Customizer@6941827a, org.springframework.boot.test.context.filter.ExcludeFilterContextCustomizer@488eb7f2, org.springframework.boot.test.json.DuplicateJsonObjectContextCustomizerFactory$DuplicateJsonObjectContextCustomizer@3fa2213, org.springframework.boot.test.mock.mockito.MockitoContextCustomizer@0, org.springframework.boot.test.web.client.TestRestTemplateContextCustomizer@25b2cfcb, org.springframework.boot.test.context.SpringBootTestArgs@1, org.springframework.boot.test.context.SpringBootTestWebEnvironment@20bd8be5], resourceBasePath = 'src/main/webapp', contextLoader = 'org.springframework.boot.test.context.SpringBootContextLoader', parent = [null]], attributes = map['org.springframework.test.context.web.ServletTestExecutionListener.activateListener' -> true, 'org.springframework.test.context.web.ServletTestExecutionListener.populatedRequestContextHolder' -> true, 'org.springframework.test.context.web.ServletTestExecutionListener.resetRequestContextHolder' -> true, 'org.springframework.test.context.event.ApplicationEventsTestExecutionListener.recordApplicationEvents' -> false]]
]]></system-out>
  <system-err><![CDATA[]]></system-err>
</testsuite>
