<?xml version="1.0" encoding="UTF-8"?>
<testsuite name="com.project.orderservice.OrderServiceApplicationTests" tests="1" skipped="0" failures="0" errors="0" timestamp="2022-04-02T07:54:20" hostname="baeg-eunhuiui-MacBookPro.local" time="0.158">
  <properties/>
  <testcase name="contextLoads()" classname="com.project.orderservice.OrderServiceApplicationTests" time="0.158"/>
  <system-out><![CDATA[16:54:13.350 [Test worker] DEBUG org.springframework.test.context.BootstrapUtils - Instantiating CacheAwareContextLoaderDelegate from class [org.springframework.test.context.cache.DefaultCacheAwareContextLoaderDelegate]
16:54:13.362 [Test worker] DEBUG org.springframework.test.context.BootstrapUtils - Instantiating BootstrapContext using constructor [public org.springframework.test.context.support.DefaultBootstrapContext(java.lang.Class,org.springframework.test.context.CacheAwareContextLoaderDelegate)]
16:54:13.412 [Test worker] DEBUG org.springframework.test.context.BootstrapUtils - Instantiating TestContextBootstrapper for test class [com.project.orderservice.OrderServiceApplicationTests] from class [org.springframework.boot.test.context.SpringBootTestContextBootstrapper]
16:54:13.463 [Test worker] INFO org.springframework.boot.test.context.SpringBootTestContextBootstrapper - Neither @ContextConfiguration nor @ContextHierarchy found for test class [com.project.orderservice.OrderServiceApplicationTests], using SpringBootContextLoader
16:54:13.470 [Test worker] DEBUG org.springframework.test.context.support.AbstractContextLoader - Did not detect default resource location for test class [com.project.orderservice.OrderServiceApplicationTests]: class path resource [com/project/orderservice/OrderServiceApplicationTests-context.xml] does not exist
16:54:13.470 [Test worker] DEBUG org.springframework.test.context.support.AbstractContextLoader - Did not detect default resource location for test class [com.project.orderservice.OrderServiceApplicationTests]: class path resource [com/project/orderservice/OrderServiceApplicationTestsContext.groovy] does not exist
16:54:13.471 [Test worker] INFO org.springframework.test.context.support.AbstractContextLoader - Could not detect default resource locations for test class [com.project.orderservice.OrderServiceApplicationTests]: no resource found for suffixes {-context.xml, Context.groovy}.
16:54:13.471 [Test worker] INFO org.springframework.test.context.support.AnnotationConfigContextLoaderUtils - Could not detect default configuration classes for test class [com.project.orderservice.OrderServiceApplicationTests]: OrderServiceApplicationTests does not declare any static, non-private, non-final, nested classes annotated with @Configuration.
16:54:13.534 [Test worker] DEBUG org.springframework.test.context.support.ActiveProfilesUtils - Could not find an 'annotation declaring class' for annotation type [org.springframework.test.context.ActiveProfiles] and class [com.project.orderservice.OrderServiceApplicationTests]
16:54:13.614 [Test worker] DEBUG org.springframework.context.annotation.ClassPathScanningCandidateComponentProvider - Identified candidate component class: file [/Users/baek-eunhee/eunhee/study/project/order-service/order-service/build/classes/java/main/com/project/orderservice/OrderServiceApplication.class]
16:54:13.617 [Test worker] INFO org.springframework.boot.test.context.SpringBootTestContextBootstrapper - Found @SpringBootConfiguration com.project.orderservice.OrderServiceApplication for test class com.project.orderservice.OrderServiceApplicationTests
16:54:13.722 [Test worker] DEBUG org.springframework.boot.test.context.SpringBootTestContextBootstrapper - @TestExecutionListeners is not present for class [com.project.orderservice.OrderServiceApplicationTests]: using defaults.
16:54:13.723 [Test worker] INFO org.springframework.boot.test.context.SpringBootTestContextBootstrapper - Loaded default TestExecutionListener class names from location [META-INF/spring.factories]: [org.springframework.boot.test.autoconfigure.restdocs.RestDocsTestExecutionListener, org.springframework.boot.test.autoconfigure.web.client.MockRestServiceServerResetTestExecutionListener, org.springframework.boot.test.autoconfigure.web.servlet.MockMvcPrintOnlyOnFailureTestExecutionListener, org.springframework.boot.test.autoconfigure.web.servlet.WebDriverTestExecutionListener, org.springframework.boot.test.autoconfigure.webservices.client.MockWebServiceServerTestExecutionListener, org.springframework.boot.test.mock.mockito.MockitoTestExecutionListener, org.springframework.boot.test.mock.mockito.ResetMocksTestExecutionListener, org.springframework.test.context.web.ServletTestExecutionListener, org.springframework.test.context.support.DirtiesContextBeforeModesTestExecutionListener, org.springframework.test.context.event.ApplicationEventsTestExecutionListener, org.springframework.test.context.support.DependencyInjectionTestExecutionListener, org.springframework.test.context.support.DirtiesContextTestExecutionListener, org.springframework.test.context.transaction.TransactionalTestExecutionListener, org.springframework.test.context.jdbc.SqlScriptsTestExecutionListener, org.springframework.test.context.event.EventPublishingTestExecutionListener]
16:54:13.736 [Test worker] INFO org.springframework.boot.test.context.SpringBootTestContextBootstrapper - Using TestExecutionListeners: [org.springframework.test.context.web.ServletTestExecutionListener@5ea502e0, org.springframework.test.context.support.DirtiesContextBeforeModesTestExecutionListener@443dbe42, org.springframework.test.context.event.ApplicationEventsTestExecutionListener@473b3b7a, org.springframework.boot.test.mock.mockito.MockitoTestExecutionListener@1734f68, org.springframework.boot.test.autoconfigure.SpringBootDependencyInjectionTestExecutionListener@77b7ffa4, org.springframework.test.context.support.DirtiesContextTestExecutionListener@5ed190be, org.springframework.test.context.transaction.TransactionalTestExecutionListener@402f80f5, org.springframework.test.context.jdbc.SqlScriptsTestExecutionListener@5bbc9f97, org.springframework.test.context.event.EventPublishingTestExecutionListener@133e019b, org.springframework.boot.test.autoconfigure.restdocs.RestDocsTestExecutionListener@41382722, org.springframework.boot.test.autoconfigure.web.client.MockRestServiceServerResetTestExecutionListener@7dac3fd8, org.springframework.boot.test.autoconfigure.web.servlet.MockMvcPrintOnlyOnFailureTestExecutionListener@425357dd, org.springframework.boot.test.autoconfigure.web.servlet.WebDriverTestExecutionListener@2102a4d5, org.springframework.boot.test.autoconfigure.webservices.client.MockWebServiceServerTestExecutionListener@210386e0, org.springframework.boot.test.mock.mockito.ResetMocksTestExecutionListener@3d4d3fe7]
16:54:13.740 [Test worker] DEBUG org.springframework.test.context.support.AbstractDirtiesContextTestExecutionListener - Before test class: context [DefaultTestContext@ec2bf82 testClass = OrderServiceApplicationTests, testInstance = [null], testMethod = [null], testException = [null], mergedContextConfiguration = [WebMergedContextConfiguration@cc62a3b testClass = OrderServiceApplicationTests, locations = '{}', classes = '{class com.project.orderservice.OrderServiceApplication}', contextInitializerClasses = '[]', activeProfiles = '{}', propertySourceLocations = '{}', propertySourceProperties = '{org.springframework.boot.test.context.SpringBootTestContextBootstrapper=true}', contextCustomizers = set[org.springframework.boot.test.autoconfigure.actuate.metrics.MetricsExportContextCustomizerFactory$DisableMetricExportContextCustomizer@6b44435b, org.springframework.boot.test.autoconfigure.properties.PropertyMappingContextCustomizer@0, org.springframework.boot.test.autoconfigure.web.servlet.WebDriverContextCustomizerFactory$Customizer@6941827a, org.springframework.boot.test.context.filter.ExcludeFilterContextCustomizer@488eb7f2, org.springframework.boot.test.json.DuplicateJsonObjectContextCustomizerFactory$DuplicateJsonObjectContextCustomizer@3fa2213, org.springframework.boot.test.mock.mockito.MockitoContextCustomizer@0, org.springframework.boot.test.web.client.TestRestTemplateContextCustomizer@25b2cfcb, org.springframework.boot.test.context.SpringBootTestArgs@1, org.springframework.boot.test.context.SpringBootTestWebEnvironment@20bd8be5], resourceBasePath = 'src/main/webapp', contextLoader = 'org.springframework.boot.test.context.SpringBootContextLoader', parent = [null]], attributes = map['org.springframework.test.context.web.ServletTestExecutionListener.activateListener' -> true]], class annotated with @DirtiesContext [false] with mode [null].

  .   ____          _            __ _ _
 /\\ / ___'_ __ _ _(_)_ __  __ _ \ \ \ \
( ( )\___ | '_ | '_| | '_ \/ _` | \ \ \ \
 \\/  ___)| |_)| | | | | || (_| |  ) ) ) )
  '  |____| .__|_| |_|_| |_\__, | / / / /
 =========|_|==============|___/=/_/_/_/
 :: Spring Boot ::                (v2.6.5)

2022-04-02 16:54:14.384  INFO 1506 --- [    Test worker] c.p.o.OrderServiceApplicationTests       : Starting OrderServiceApplicationTests using Java 11.0.14 on baeg-eunhuiui-MacBookPro.local with PID 1506 (started by beak-eunhee in /Users/baek-eunhee/eunhee/study/project/order-service/order-service)
2022-04-02 16:54:14.387  INFO 1506 --- [    Test worker] c.p.o.OrderServiceApplicationTests       : No active profile set, falling back to 1 default profile: "default"
2022-04-02 16:54:15.472  INFO 1506 --- [    Test worker] .s.d.r.c.RepositoryConfigurationDelegate : Bootstrapping Spring Data JPA repositories in DEFAULT mode.
2022-04-02 16:54:15.555  INFO 1506 --- [    Test worker] .s.d.r.c.RepositoryConfigurationDelegate : Finished Spring Data repository scanning in 76 ms. Found 3 JPA repository interfaces.
2022-04-02 16:54:16.685  INFO 1506 --- [    Test worker] o.hibernate.jpa.internal.util.LogHelper  : HHH000204: Processing PersistenceUnitInfo [name: default]
2022-04-02 16:54:16.732  INFO 1506 --- [    Test worker] org.hibernate.Version                    : HHH000412: Hibernate ORM core version 5.6.7.Final
2022-04-02 16:54:16.874  INFO 1506 --- [    Test worker] o.hibernate.annotations.common.Version   : HCANN000001: Hibernate Commons Annotations {5.1.2.Final}
2022-04-02 16:54:16.976  INFO 1506 --- [    Test worker] com.zaxxer.hikari.HikariDataSource       : HikariPool-1 - Starting...
2022-04-02 16:54:17.064  INFO 1506 --- [    Test worker] com.zaxxer.hikari.HikariDataSource       : HikariPool-1 - Start completed.
2022-04-02 16:54:17.094  INFO 1506 --- [    Test worker] org.hibernate.dialect.Dialect            : HHH000400: Using dialect: org.hibernate.dialect.H2Dialect
2022-04-02 16:54:17.300  WARN 1506 --- [    Test worker] org.hibernate.cfg.AnnotationBinder       : HHH000457: Joined inheritance hierarchy [com.project.orderservice.domain.item.Item] defined explicit @DiscriminatorColumn.  Legacy Hibernate behavior was to ignore the @DiscriminatorColumn.  However, as part of issue HHH-6911 we now apply the explicit @DiscriminatorColumn.  If you would prefer the legacy behavior, enable the `hibernate.discriminator.ignore_explicit_for_joined` setting (hibernate.discriminator.ignore_explicit_for_joined=true)
2022-04-02 16:54:17.841 DEBUG 1506 --- [    Test worker] org.hibernate.SQL                        : 
    
    drop table if exists album CASCADE 
2022-04-02 16:54:17.861 DEBUG 1506 --- [    Test worker] org.hibernate.SQL                        : 
    
    drop table if exists book CASCADE 
2022-04-02 16:54:17.862 DEBUG 1506 --- [    Test worker] org.hibernate.SQL                        : 
    
    drop table if exists item CASCADE 
2022-04-02 16:54:17.864 DEBUG 1506 --- [    Test worker] org.hibernate.SQL                        : 
    
    drop table if exists member CASCADE 
2022-04-02 16:54:17.866 DEBUG 1506 --- [    Test worker] org.hibernate.SQL                        : 
    
    drop table if exists movie CASCADE 
2022-04-02 16:54:17.873 DEBUG 1506 --- [    Test worker] org.hibernate.SQL                        : 
    
    drop table if exists orders CASCADE 
2022-04-02 16:54:17.878 DEBUG 1506 --- [    Test worker] org.hibernate.SQL                        : 
    
    drop sequence if exists hibernate_sequence
2022-04-02 16:54:17.880 DEBUG 1506 --- [    Test worker] org.hibernate.SQL                        : create sequence hibernate_sequence start with 1 increment by 1
2022-04-02 16:54:17.882 DEBUG 1506 --- [    Test worker] org.hibernate.SQL                        : 
    
    create table album (
       artist varchar(255),
        item_id bigint not null,
        primary key (item_id)
    )
2022-04-02 16:54:17.888 DEBUG 1506 --- [    Test worker] org.hibernate.SQL                        : 
    
    create table book (
       author varchar(255),
        isbn integer not null,
        item_id bigint not null,
        primary key (item_id)
    )
2022-04-02 16:54:17.890 DEBUG 1506 --- [    Test worker] org.hibernate.SQL                        : 
    
    create table item (
       dtype varchar(31) not null,
        item_id bigint not null,
        name varchar(255),
        price integer not null,
        quantity integer not null,
        primary key (item_id)
    )
2022-04-02 16:54:17.892 DEBUG 1506 --- [    Test worker] org.hibernate.SQL                        : 
    
    create table member (
       member_id bigint not null,
        city varchar(255),
        street varchar(255),
        zipcode integer not null,
        name varchar(255),
        primary key (member_id)
    )
2022-04-02 16:54:17.895 DEBUG 1506 --- [    Test worker] org.hibernate.SQL                        : 
    
    create table movie (
       actor varchar(255),
        director varchar(255),
        item_id bigint not null,
        primary key (item_id)
    )
2022-04-02 16:54:17.897 DEBUG 1506 --- [    Test worker] org.hibernate.SQL                        : 
    
    create table orders (
       order_id bigint not null,
        delivery_status varchar(255),
        name varchar(255),
        order_date timestamp,
        quantity integer not null,
        item_id bigint,
        member_id bigint,
        primary key (order_id)
    )
2022-04-02 16:54:17.899 DEBUG 1506 --- [    Test worker] org.hibernate.SQL                        : 
    
    alter table album 
       add constraint FKminb9nib0bo4t9c4kpltxtuab 
       foreign key (item_id) 
       references item
2022-04-02 16:54:17.902 DEBUG 1506 --- [    Test worker] org.hibernate.SQL                        : 
    
    alter table book 
       add constraint FKgohd8evkxf3j9a0p4jk5evpiv 
       foreign key (item_id) 
       references item
2022-04-02 16:54:17.905 DEBUG 1506 --- [    Test worker] org.hibernate.SQL                        : 
    
    alter table movie 
       add constraint FKq2rg7rpjfg38px01dhl4qrik6 
       foreign key (item_id) 
       references item
2022-04-02 16:54:17.914 DEBUG 1506 --- [    Test worker] org.hibernate.SQL                        : 
    
    alter table orders 
       add constraint FK1f1jovhxtx7fax217fq0gi17 
       foreign key (item_id) 
       references item
2022-04-02 16:54:17.916 DEBUG 1506 --- [    Test worker] org.hibernate.SQL                        : 
    
    alter table orders 
       add constraint FKpktxwhj3x9m4gth5ff6bkqgeb 
       foreign key (member_id) 
       references member
2022-04-02 16:54:17.924  INFO 1506 --- [    Test worker] o.h.e.t.j.p.i.JtaPlatformInitiator       : HHH000490: Using JtaPlatform implementation: [org.hibernate.engine.transaction.jta.platform.internal.NoJtaPlatform]
2022-04-02 16:54:17.935  INFO 1506 --- [    Test worker] j.LocalContainerEntityManagerFactoryBean : Initialized JPA EntityManagerFactory for persistence unit 'default'
2022-04-02 16:54:19.041  WARN 1506 --- [    Test worker] JpaBaseConfiguration$JpaWebConfiguration : spring.jpa.open-in-view is enabled by default. Therefore, database queries may be performed during view rendering. Explicitly configure spring.jpa.open-in-view to disable this warning
2022-04-02 16:54:20.134  INFO 1506 --- [    Test worker] c.p.o.OrderServiceApplicationTests       : Started OrderServiceApplicationTests in 6.303 seconds (JVM running for 7.974)
]]></system-out>
  <system-err><![CDATA[]]></system-err>
</testsuite>
