<?xml version="1.0" encoding="UTF-8"?>
<testsuite name="com.project.orderservice.service.impl.MemberServiceImplTest" tests="5" skipped="0" failures="0" errors="0" timestamp="2022-04-02T07:54:20" hostname="baeg-eunhuiui-MacBookPro.local" time="0.181">
  <properties/>
  <testcase name="회원 등록 -&gt; 성공" classname="com.project.orderservice.service.impl.MemberServiceImplTest" time="0.087"/>
  <testcase name="회원 조회 -&gt; 예외 발생" classname="com.project.orderservice.service.impl.MemberServiceImplTest" time="0.019"/>
  <testcase name="모든 멤버 조회" classname="com.project.orderservice.service.impl.MemberServiceImplTest" time="0.034"/>
  <testcase name="아이디로 멤버 조회" classname="com.project.orderservice.service.impl.MemberServiceImplTest" time="0.016"/>
  <testcase name="회원 등록 -&gt; member.getId(), savedMember.getId()" classname="com.project.orderservice.service.impl.MemberServiceImplTest" time="0.016"/>
  <system-out><![CDATA[2022-04-02 16:54:20.925  INFO 1506 --- [    Test worker] .b.t.c.SpringBootTestContextBootstrapper : Neither @ContextConfiguration nor @ContextHierarchy found for test class [com.project.orderservice.service.impl.MemberServiceImplTest], using SpringBootContextLoader
2022-04-02 16:54:20.926  INFO 1506 --- [    Test worker] o.s.t.c.support.AbstractContextLoader    : Could not detect default resource locations for test class [com.project.orderservice.service.impl.MemberServiceImplTest]: no resource found for suffixes {-context.xml, Context.groovy}.
2022-04-02 16:54:20.926  INFO 1506 --- [    Test worker] t.c.s.AnnotationConfigContextLoaderUtils : Could not detect default configuration classes for test class [com.project.orderservice.service.impl.MemberServiceImplTest]: MemberServiceImplTest does not declare any static, non-private, non-final, nested classes annotated with @Configuration.
2022-04-02 16:54:20.927  INFO 1506 --- [    Test worker] .b.t.c.SpringBootTestContextBootstrapper : Found @SpringBootConfiguration com.project.orderservice.OrderServiceApplication for test class com.project.orderservice.service.impl.MemberServiceImplTest
2022-04-02 16:54:20.931  INFO 1506 --- [    Test worker] .b.t.c.SpringBootTestContextBootstrapper : Loaded default TestExecutionListener class names from location [META-INF/spring.factories]: [org.springframework.boot.test.autoconfigure.restdocs.RestDocsTestExecutionListener, org.springframework.boot.test.autoconfigure.web.client.MockRestServiceServerResetTestExecutionListener, org.springframework.boot.test.autoconfigure.web.servlet.MockMvcPrintOnlyOnFailureTestExecutionListener, org.springframework.boot.test.autoconfigure.web.servlet.WebDriverTestExecutionListener, org.springframework.boot.test.autoconfigure.webservices.client.MockWebServiceServerTestExecutionListener, org.springframework.boot.test.mock.mockito.MockitoTestExecutionListener, org.springframework.boot.test.mock.mockito.ResetMocksTestExecutionListener, org.springframework.test.context.web.ServletTestExecutionListener, org.springframework.test.context.support.DirtiesContextBeforeModesTestExecutionListener, org.springframework.test.context.event.ApplicationEventsTestExecutionListener, org.springframework.test.context.support.DependencyInjectionTestExecutionListener, org.springframework.test.context.support.DirtiesContextTestExecutionListener, org.springframework.test.context.transaction.TransactionalTestExecutionListener, org.springframework.test.context.jdbc.SqlScriptsTestExecutionListener, org.springframework.test.context.event.EventPublishingTestExecutionListener]
2022-04-02 16:54:20.932  INFO 1506 --- [    Test worker] .b.t.c.SpringBootTestContextBootstrapper : Using TestExecutionListeners: [org.springframework.test.context.web.ServletTestExecutionListener@2c4e63b3, org.springframework.test.context.support.DirtiesContextBeforeModesTestExecutionListener@2703785e, org.springframework.test.context.event.ApplicationEventsTestExecutionListener@3a7f382, org.springframework.boot.test.mock.mockito.MockitoTestExecutionListener@5a2297d7, org.springframework.boot.test.autoconfigure.SpringBootDependencyInjectionTestExecutionListener@52e34db, org.springframework.test.context.support.DirtiesContextTestExecutionListener@39d37da8, org.springframework.test.context.transaction.TransactionalTestExecutionListener@554a2f3, org.springframework.test.context.jdbc.SqlScriptsTestExecutionListener@4b8601a1, org.springframework.test.context.event.EventPublishingTestExecutionListener@3f7a7ce6, org.springframework.boot.test.autoconfigure.restdocs.RestDocsTestExecutionListener@1de6689c, org.springframework.boot.test.autoconfigure.web.client.MockRestServiceServerResetTestExecutionListener@3d8512e9, org.springframework.boot.test.autoconfigure.web.servlet.MockMvcPrintOnlyOnFailureTestExecutionListener@46f597f1, org.springframework.boot.test.autoconfigure.web.servlet.WebDriverTestExecutionListener@2a045e85, org.springframework.boot.test.autoconfigure.webservices.client.MockWebServiceServerTestExecutionListener@48861d1, org.springframework.boot.test.mock.mockito.ResetMocksTestExecutionListener@118f39f3]
2022-04-02 16:54:20.944  INFO 1506 --- [    Test worker] o.s.t.c.transaction.TransactionContext   : Began transaction (1) for test context [DefaultTestContext@349686e8 testClass = MemberServiceImplTest, testInstance = com.project.orderservice.service.impl.MemberServiceImplTest@5c3e7128, testMethod = saveMember_O@MemberServiceImplTest, testException = [null], mergedContextConfiguration = [WebMergedContextConfiguration@5ce03a9d testClass = MemberServiceImplTest, locations = '{}', classes = '{class com.project.orderservice.OrderServiceApplication}', contextInitializerClasses = '[]', activeProfiles = '{}', propertySourceLocations = '{}', propertySourceProperties = '{org.springframework.boot.test.context.SpringBootTestContextBootstrapper=true}', contextCustomizers = set[org.springframework.boot.test.autoconfigure.actuate.metrics.MetricsExportContextCustomizerFactory$DisableMetricExportContextCustomizer@6b44435b, org.springframework.boot.test.autoconfigure.properties.PropertyMappingContextCustomizer@0, org.springframework.boot.test.autoconfigure.web.servlet.WebDriverContextCustomizerFactory$Customizer@6941827a, org.springframework.boot.test.context.filter.ExcludeFilterContextCustomizer@488eb7f2, org.springframework.boot.test.json.DuplicateJsonObjectContextCustomizerFactory$DuplicateJsonObjectContextCustomizer@3fa2213, org.springframework.boot.test.mock.mockito.MockitoContextCustomizer@0, org.springframework.boot.test.web.client.TestRestTemplateContextCustomizer@25b2cfcb, org.springframework.boot.test.context.SpringBootTestArgs@1, org.springframework.boot.test.context.SpringBootTestWebEnvironment@20bd8be5], resourceBasePath = 'src/main/webapp', contextLoader = 'org.springframework.boot.test.context.SpringBootContextLoader', parent = [null]], attributes = map['org.springframework.test.context.web.ServletTestExecutionListener.activateListener' -> true, 'org.springframework.test.context.web.ServletTestExecutionListener.populatedRequestContextHolder' -> true, 'org.springframework.test.context.web.ServletTestExecutionListener.resetRequestContextHolder' -> true, 'org.springframework.test.context.event.ApplicationEventsTestExecutionListener.recordApplicationEvents' -> false]]; transaction manager [org.springframework.orm.jpa.JpaTransactionManager@360d3f47]; rollback [true]
2022-04-02 16:54:20.985 DEBUG 1506 --- [    Test worker] org.hibernate.SQL                        : 
    call next value for hibernate_sequence
2022-04-02 16:54:20.996 DEBUG 1506 --- [    Test worker] org.hibernate.SQL                        : 
    call next value for hibernate_sequence
2022-04-02 16:54:21.005 DEBUG 1506 --- [    Test worker] org.hibernate.SQL                        : 
    insert 
    into
        member
        (city, street, zipcode, name, member_id) 
    values
        (?, ?, ?, ?, ?)
2022-04-02 16:54:21.013 DEBUG 1506 --- [    Test worker] org.hibernate.SQL                        : 
    insert 
    into
        member
        (city, street, zipcode, name, member_id) 
    values
        (?, ?, ?, ?, ?)
2022-04-02 16:54:21.015 DEBUG 1506 --- [    Test worker] org.hibernate.SQL                        : 
    select
        member0_.member_id as member_i1_3_,
        member0_.city as city2_3_,
        member0_.street as street3_3_,
        member0_.zipcode as zipcode4_3_,
        member0_.name as name5_3_ 
    from
        member member0_
2022-04-02 16:54:21.027  INFO 1506 --- [    Test worker] o.s.t.c.transaction.TransactionContext   : Rolled back transaction for test: [DefaultTestContext@349686e8 testClass = MemberServiceImplTest, testInstance = com.project.orderservice.service.impl.MemberServiceImplTest@5c3e7128, testMethod = saveMember_O@MemberServiceImplTest, testException = [null], mergedContextConfiguration = [WebMergedContextConfiguration@5ce03a9d testClass = MemberServiceImplTest, locations = '{}', classes = '{class com.project.orderservice.OrderServiceApplication}', contextInitializerClasses = '[]', activeProfiles = '{}', propertySourceLocations = '{}', propertySourceProperties = '{org.springframework.boot.test.context.SpringBootTestContextBootstrapper=true}', contextCustomizers = set[org.springframework.boot.test.autoconfigure.actuate.metrics.MetricsExportContextCustomizerFactory$DisableMetricExportContextCustomizer@6b44435b, org.springframework.boot.test.autoconfigure.properties.PropertyMappingContextCustomizer@0, org.springframework.boot.test.autoconfigure.web.servlet.WebDriverContextCustomizerFactory$Customizer@6941827a, org.springframework.boot.test.context.filter.ExcludeFilterContextCustomizer@488eb7f2, org.springframework.boot.test.json.DuplicateJsonObjectContextCustomizerFactory$DuplicateJsonObjectContextCustomizer@3fa2213, org.springframework.boot.test.mock.mockito.MockitoContextCustomizer@0, org.springframework.boot.test.web.client.TestRestTemplateContextCustomizer@25b2cfcb, org.springframework.boot.test.context.SpringBootTestArgs@1, org.springframework.boot.test.context.SpringBootTestWebEnvironment@20bd8be5], resourceBasePath = 'src/main/webapp', contextLoader = 'org.springframework.boot.test.context.SpringBootContextLoader', parent = [null]], attributes = map['org.springframework.test.context.web.ServletTestExecutionListener.activateListener' -> true, 'org.springframework.test.context.web.ServletTestExecutionListener.populatedRequestContextHolder' -> true, 'org.springframework.test.context.web.ServletTestExecutionListener.resetRequestContextHolder' -> true, 'org.springframework.test.context.event.ApplicationEventsTestExecutionListener.recordApplicationEvents' -> false]]
2022-04-02 16:54:21.031  INFO 1506 --- [    Test worker] o.s.t.c.transaction.TransactionContext   : Began transaction (1) for test context [DefaultTestContext@349686e8 testClass = MemberServiceImplTest, testInstance = com.project.orderservice.service.impl.MemberServiceImplTest@2bb118ae, testMethod = saveMember_X@MemberServiceImplTest, testException = [null], mergedContextConfiguration = [WebMergedContextConfiguration@5ce03a9d testClass = MemberServiceImplTest, locations = '{}', classes = '{class com.project.orderservice.OrderServiceApplication}', contextInitializerClasses = '[]', activeProfiles = '{}', propertySourceLocations = '{}', propertySourceProperties = '{org.springframework.boot.test.context.SpringBootTestContextBootstrapper=true}', contextCustomizers = set[org.springframework.boot.test.autoconfigure.actuate.metrics.MetricsExportContextCustomizerFactory$DisableMetricExportContextCustomizer@6b44435b, org.springframework.boot.test.autoconfigure.properties.PropertyMappingContextCustomizer@0, org.springframework.boot.test.autoconfigure.web.servlet.WebDriverContextCustomizerFactory$Customizer@6941827a, org.springframework.boot.test.context.filter.ExcludeFilterContextCustomizer@488eb7f2, org.springframework.boot.test.json.DuplicateJsonObjectContextCustomizerFactory$DuplicateJsonObjectContextCustomizer@3fa2213, org.springframework.boot.test.mock.mockito.MockitoContextCustomizer@0, org.springframework.boot.test.web.client.TestRestTemplateContextCustomizer@25b2cfcb, org.springframework.boot.test.context.SpringBootTestArgs@1, org.springframework.boot.test.context.SpringBootTestWebEnvironment@20bd8be5], resourceBasePath = 'src/main/webapp', contextLoader = 'org.springframework.boot.test.context.SpringBootContextLoader', parent = [null]], attributes = map['org.springframework.test.context.web.ServletTestExecutionListener.activateListener' -> true, 'org.springframework.test.context.web.ServletTestExecutionListener.populatedRequestContextHolder' -> true, 'org.springframework.test.context.web.ServletTestExecutionListener.resetRequestContextHolder' -> true, 'org.springframework.test.context.event.ApplicationEventsTestExecutionListener.recordApplicationEvents' -> false]]; transaction manager [org.springframework.orm.jpa.JpaTransactionManager@360d3f47]; rollback [true]
2022-04-02 16:54:21.035 DEBUG 1506 --- [    Test worker] org.hibernate.SQL                        : 
    select
        member0_.member_id as member_i1_3_0_,
        member0_.city as city2_3_0_,
        member0_.street as street3_3_0_,
        member0_.zipcode as zipcode4_3_0_,
        member0_.name as name5_3_0_ 
    from
        member member0_ 
    where
        member0_.member_id=?
2022-04-02 16:54:21.048  INFO 1506 --- [    Test worker] o.s.t.c.transaction.TransactionContext   : Rolled back transaction for test: [DefaultTestContext@349686e8 testClass = MemberServiceImplTest, testInstance = com.project.orderservice.service.impl.MemberServiceImplTest@2bb118ae, testMethod = saveMember_X@MemberServiceImplTest, testException = [null], mergedContextConfiguration = [WebMergedContextConfiguration@5ce03a9d testClass = MemberServiceImplTest, locations = '{}', classes = '{class com.project.orderservice.OrderServiceApplication}', contextInitializerClasses = '[]', activeProfiles = '{}', propertySourceLocations = '{}', propertySourceProperties = '{org.springframework.boot.test.context.SpringBootTestContextBootstrapper=true}', contextCustomizers = set[org.springframework.boot.test.autoconfigure.actuate.metrics.MetricsExportContextCustomizerFactory$DisableMetricExportContextCustomizer@6b44435b, org.springframework.boot.test.autoconfigure.properties.PropertyMappingContextCustomizer@0, org.springframework.boot.test.autoconfigure.web.servlet.WebDriverContextCustomizerFactory$Customizer@6941827a, org.springframework.boot.test.context.filter.ExcludeFilterContextCustomizer@488eb7f2, org.springframework.boot.test.json.DuplicateJsonObjectContextCustomizerFactory$DuplicateJsonObjectContextCustomizer@3fa2213, org.springframework.boot.test.mock.mockito.MockitoContextCustomizer@0, org.springframework.boot.test.web.client.TestRestTemplateContextCustomizer@25b2cfcb, org.springframework.boot.test.context.SpringBootTestArgs@1, org.springframework.boot.test.context.SpringBootTestWebEnvironment@20bd8be5], resourceBasePath = 'src/main/webapp', contextLoader = 'org.springframework.boot.test.context.SpringBootContextLoader', parent = [null]], attributes = map['org.springframework.test.context.web.ServletTestExecutionListener.activateListener' -> true, 'org.springframework.test.context.web.ServletTestExecutionListener.populatedRequestContextHolder' -> true, 'org.springframework.test.context.web.ServletTestExecutionListener.resetRequestContextHolder' -> true, 'org.springframework.test.context.event.ApplicationEventsTestExecutionListener.recordApplicationEvents' -> false]]
2022-04-02 16:54:21.054  INFO 1506 --- [    Test worker] o.s.t.c.transaction.TransactionContext   : Began transaction (1) for test context [DefaultTestContext@349686e8 testClass = MemberServiceImplTest, testInstance = com.project.orderservice.service.impl.MemberServiceImplTest@5cfde2a4, testMethod = findAllMember@MemberServiceImplTest, testException = [null], mergedContextConfiguration = [WebMergedContextConfiguration@5ce03a9d testClass = MemberServiceImplTest, locations = '{}', classes = '{class com.project.orderservice.OrderServiceApplication}', contextInitializerClasses = '[]', activeProfiles = '{}', propertySourceLocations = '{}', propertySourceProperties = '{org.springframework.boot.test.context.SpringBootTestContextBootstrapper=true}', contextCustomizers = set[org.springframework.boot.test.autoconfigure.actuate.metrics.MetricsExportContextCustomizerFactory$DisableMetricExportContextCustomizer@6b44435b, org.springframework.boot.test.autoconfigure.properties.PropertyMappingContextCustomizer@0, org.springframework.boot.test.autoconfigure.web.servlet.WebDriverContextCustomizerFactory$Customizer@6941827a, org.springframework.boot.test.context.filter.ExcludeFilterContextCustomizer@488eb7f2, org.springframework.boot.test.json.DuplicateJsonObjectContextCustomizerFactory$DuplicateJsonObjectContextCustomizer@3fa2213, org.springframework.boot.test.mock.mockito.MockitoContextCustomizer@0, org.springframework.boot.test.web.client.TestRestTemplateContextCustomizer@25b2cfcb, org.springframework.boot.test.context.SpringBootTestArgs@1, org.springframework.boot.test.context.SpringBootTestWebEnvironment@20bd8be5], resourceBasePath = 'src/main/webapp', contextLoader = 'org.springframework.boot.test.context.SpringBootContextLoader', parent = [null]], attributes = map['org.springframework.test.context.web.ServletTestExecutionListener.activateListener' -> true, 'org.springframework.test.context.web.ServletTestExecutionListener.populatedRequestContextHolder' -> true, 'org.springframework.test.context.web.ServletTestExecutionListener.resetRequestContextHolder' -> true, 'org.springframework.test.context.event.ApplicationEventsTestExecutionListener.recordApplicationEvents' -> false]]; transaction manager [org.springframework.orm.jpa.JpaTransactionManager@360d3f47]; rollback [true]
2022-04-02 16:54:21.056 DEBUG 1506 --- [    Test worker] org.hibernate.SQL                        : 
    call next value for hibernate_sequence
2022-04-02 16:54:21.060 DEBUG 1506 --- [    Test worker] org.hibernate.SQL                        : 
    call next value for hibernate_sequence
2022-04-02 16:54:21.063 DEBUG 1506 --- [    Test worker] org.hibernate.SQL                        : 
    insert 
    into
        member
        (city, street, zipcode, name, member_id) 
    values
        (?, ?, ?, ?, ?)
2022-04-02 16:54:21.072 DEBUG 1506 --- [    Test worker] org.hibernate.SQL                        : 
    insert 
    into
        member
        (city, street, zipcode, name, member_id) 
    values
        (?, ?, ?, ?, ?)
2022-04-02 16:54:21.076 DEBUG 1506 --- [    Test worker] org.hibernate.SQL                        : 
    select
        member0_.member_id as member_i1_3_,
        member0_.city as city2_3_,
        member0_.street as street3_3_,
        member0_.zipcode as zipcode4_3_,
        member0_.name as name5_3_ 
    from
        member member0_
2022-04-02 16:54:21.086  INFO 1506 --- [    Test worker] o.s.t.c.transaction.TransactionContext   : Rolled back transaction for test: [DefaultTestContext@349686e8 testClass = MemberServiceImplTest, testInstance = com.project.orderservice.service.impl.MemberServiceImplTest@5cfde2a4, testMethod = findAllMember@MemberServiceImplTest, testException = [null], mergedContextConfiguration = [WebMergedContextConfiguration@5ce03a9d testClass = MemberServiceImplTest, locations = '{}', classes = '{class com.project.orderservice.OrderServiceApplication}', contextInitializerClasses = '[]', activeProfiles = '{}', propertySourceLocations = '{}', propertySourceProperties = '{org.springframework.boot.test.context.SpringBootTestContextBootstrapper=true}', contextCustomizers = set[org.springframework.boot.test.autoconfigure.actuate.metrics.MetricsExportContextCustomizerFactory$DisableMetricExportContextCustomizer@6b44435b, org.springframework.boot.test.autoconfigure.properties.PropertyMappingContextCustomizer@0, org.springframework.boot.test.autoconfigure.web.servlet.WebDriverContextCustomizerFactory$Customizer@6941827a, org.springframework.boot.test.context.filter.ExcludeFilterContextCustomizer@488eb7f2, org.springframework.boot.test.json.DuplicateJsonObjectContextCustomizerFactory$DuplicateJsonObjectContextCustomizer@3fa2213, org.springframework.boot.test.mock.mockito.MockitoContextCustomizer@0, org.springframework.boot.test.web.client.TestRestTemplateContextCustomizer@25b2cfcb, org.springframework.boot.test.context.SpringBootTestArgs@1, org.springframework.boot.test.context.SpringBootTestWebEnvironment@20bd8be5], resourceBasePath = 'src/main/webapp', contextLoader = 'org.springframework.boot.test.context.SpringBootContextLoader', parent = [null]], attributes = map['org.springframework.test.context.web.ServletTestExecutionListener.activateListener' -> true, 'org.springframework.test.context.web.ServletTestExecutionListener.populatedRequestContextHolder' -> true, 'org.springframework.test.context.web.ServletTestExecutionListener.resetRequestContextHolder' -> true, 'org.springframework.test.context.event.ApplicationEventsTestExecutionListener.recordApplicationEvents' -> false]]
2022-04-02 16:54:21.089  INFO 1506 --- [    Test worker] o.s.t.c.transaction.TransactionContext   : Began transaction (1) for test context [DefaultTestContext@349686e8 testClass = MemberServiceImplTest, testInstance = com.project.orderservice.service.impl.MemberServiceImplTest@63df2eb8, testMethod = findMember@MemberServiceImplTest, testException = [null], mergedContextConfiguration = [WebMergedContextConfiguration@5ce03a9d testClass = MemberServiceImplTest, locations = '{}', classes = '{class com.project.orderservice.OrderServiceApplication}', contextInitializerClasses = '[]', activeProfiles = '{}', propertySourceLocations = '{}', propertySourceProperties = '{org.springframework.boot.test.context.SpringBootTestContextBootstrapper=true}', contextCustomizers = set[org.springframework.boot.test.autoconfigure.actuate.metrics.MetricsExportContextCustomizerFactory$DisableMetricExportContextCustomizer@6b44435b, org.springframework.boot.test.autoconfigure.properties.PropertyMappingContextCustomizer@0, org.springframework.boot.test.autoconfigure.web.servlet.WebDriverContextCustomizerFactory$Customizer@6941827a, org.springframework.boot.test.context.filter.ExcludeFilterContextCustomizer@488eb7f2, org.springframework.boot.test.json.DuplicateJsonObjectContextCustomizerFactory$DuplicateJsonObjectContextCustomizer@3fa2213, org.springframework.boot.test.mock.mockito.MockitoContextCustomizer@0, org.springframework.boot.test.web.client.TestRestTemplateContextCustomizer@25b2cfcb, org.springframework.boot.test.context.SpringBootTestArgs@1, org.springframework.boot.test.context.SpringBootTestWebEnvironment@20bd8be5], resourceBasePath = 'src/main/webapp', contextLoader = 'org.springframework.boot.test.context.SpringBootContextLoader', parent = [null]], attributes = map['org.springframework.test.context.web.ServletTestExecutionListener.activateListener' -> true, 'org.springframework.test.context.web.ServletTestExecutionListener.populatedRequestContextHolder' -> true, 'org.springframework.test.context.web.ServletTestExecutionListener.resetRequestContextHolder' -> true, 'org.springframework.test.context.event.ApplicationEventsTestExecutionListener.recordApplicationEvents' -> false]]; transaction manager [org.springframework.orm.jpa.JpaTransactionManager@360d3f47]; rollback [true]
2022-04-02 16:54:21.090 DEBUG 1506 --- [    Test worker] org.hibernate.SQL                        : 
    call next value for hibernate_sequence
2022-04-02 16:54:21.096 DEBUG 1506 --- [    Test worker] org.hibernate.SQL                        : 
    call next value for hibernate_sequence
2022-04-02 16:54:21.103  INFO 1506 --- [    Test worker] o.s.t.c.transaction.TransactionContext   : Rolled back transaction for test: [DefaultTestContext@349686e8 testClass = MemberServiceImplTest, testInstance = com.project.orderservice.service.impl.MemberServiceImplTest@63df2eb8, testMethod = findMember@MemberServiceImplTest, testException = [null], mergedContextConfiguration = [WebMergedContextConfiguration@5ce03a9d testClass = MemberServiceImplTest, locations = '{}', classes = '{class com.project.orderservice.OrderServiceApplication}', contextInitializerClasses = '[]', activeProfiles = '{}', propertySourceLocations = '{}', propertySourceProperties = '{org.springframework.boot.test.context.SpringBootTestContextBootstrapper=true}', contextCustomizers = set[org.springframework.boot.test.autoconfigure.actuate.metrics.MetricsExportContextCustomizerFactory$DisableMetricExportContextCustomizer@6b44435b, org.springframework.boot.test.autoconfigure.properties.PropertyMappingContextCustomizer@0, org.springframework.boot.test.autoconfigure.web.servlet.WebDriverContextCustomizerFactory$Customizer@6941827a, org.springframework.boot.test.context.filter.ExcludeFilterContextCustomizer@488eb7f2, org.springframework.boot.test.json.DuplicateJsonObjectContextCustomizerFactory$DuplicateJsonObjectContextCustomizer@3fa2213, org.springframework.boot.test.mock.mockito.MockitoContextCustomizer@0, org.springframework.boot.test.web.client.TestRestTemplateContextCustomizer@25b2cfcb, org.springframework.boot.test.context.SpringBootTestArgs@1, org.springframework.boot.test.context.SpringBootTestWebEnvironment@20bd8be5], resourceBasePath = 'src/main/webapp', contextLoader = 'org.springframework.boot.test.context.SpringBootContextLoader', parent = [null]], attributes = map['org.springframework.test.context.web.ServletTestExecutionListener.activateListener' -> true, 'org.springframework.test.context.web.ServletTestExecutionListener.populatedRequestContextHolder' -> true, 'org.springframework.test.context.web.ServletTestExecutionListener.resetRequestContextHolder' -> true, 'org.springframework.test.context.event.ApplicationEventsTestExecutionListener.recordApplicationEvents' -> false]]
2022-04-02 16:54:21.108  INFO 1506 --- [    Test worker] o.s.t.c.transaction.TransactionContext   : Began transaction (1) for test context [DefaultTestContext@349686e8 testClass = MemberServiceImplTest, testInstance = com.project.orderservice.service.impl.MemberServiceImplTest@435e224d, testMethod = saveMember_returnId@MemberServiceImplTest, testException = [null], mergedContextConfiguration = [WebMergedContextConfiguration@5ce03a9d testClass = MemberServiceImplTest, locations = '{}', classes = '{class com.project.orderservice.OrderServiceApplication}', contextInitializerClasses = '[]', activeProfiles = '{}', propertySourceLocations = '{}', propertySourceProperties = '{org.springframework.boot.test.context.SpringBootTestContextBootstrapper=true}', contextCustomizers = set[org.springframework.boot.test.autoconfigure.actuate.metrics.MetricsExportContextCustomizerFactory$DisableMetricExportContextCustomizer@6b44435b, org.springframework.boot.test.autoconfigure.properties.PropertyMappingContextCustomizer@0, org.springframework.boot.test.autoconfigure.web.servlet.WebDriverContextCustomizerFactory$Customizer@6941827a, org.springframework.boot.test.context.filter.ExcludeFilterContextCustomizer@488eb7f2, org.springframework.boot.test.json.DuplicateJsonObjectContextCustomizerFactory$DuplicateJsonObjectContextCustomizer@3fa2213, org.springframework.boot.test.mock.mockito.MockitoContextCustomizer@0, org.springframework.boot.test.web.client.TestRestTemplateContextCustomizer@25b2cfcb, org.springframework.boot.test.context.SpringBootTestArgs@1, org.springframework.boot.test.context.SpringBootTestWebEnvironment@20bd8be5], resourceBasePath = 'src/main/webapp', contextLoader = 'org.springframework.boot.test.context.SpringBootContextLoader', parent = [null]], attributes = map['org.springframework.test.context.web.ServletTestExecutionListener.activateListener' -> true, 'org.springframework.test.context.web.ServletTestExecutionListener.populatedRequestContextHolder' -> true, 'org.springframework.test.context.web.ServletTestExecutionListener.resetRequestContextHolder' -> true, 'org.springframework.test.context.event.ApplicationEventsTestExecutionListener.recordApplicationEvents' -> false]]; transaction manager [org.springframework.orm.jpa.JpaTransactionManager@360d3f47]; rollback [true]
2022-04-02 16:54:21.109 DEBUG 1506 --- [    Test worker] org.hibernate.SQL                        : 
    call next value for hibernate_sequence
2022-04-02 16:54:21.113 DEBUG 1506 --- [    Test worker] org.hibernate.SQL                        : 
    insert 
    into
        member
        (city, street, zipcode, name, member_id) 
    values
        (?, ?, ?, ?, ?)
2022-04-02 16:54:21.116 DEBUG 1506 --- [    Test worker] org.hibernate.SQL                        : 
    select
        member0_.member_id as member_i1_3_,
        member0_.city as city2_3_,
        member0_.street as street3_3_,
        member0_.zipcode as zipcode4_3_,
        member0_.name as name5_3_ 
    from
        member member0_
2022-04-02 16:54:21.122  INFO 1506 --- [    Test worker] o.s.t.c.transaction.TransactionContext   : Rolled back transaction for test: [DefaultTestContext@349686e8 testClass = MemberServiceImplTest, testInstance = com.project.orderservice.service.impl.MemberServiceImplTest@435e224d, testMethod = saveMember_returnId@MemberServiceImplTest, testException = [null], mergedContextConfiguration = [WebMergedContextConfiguration@5ce03a9d testClass = MemberServiceImplTest, locations = '{}', classes = '{class com.project.orderservice.OrderServiceApplication}', contextInitializerClasses = '[]', activeProfiles = '{}', propertySourceLocations = '{}', propertySourceProperties = '{org.springframework.boot.test.context.SpringBootTestContextBootstrapper=true}', contextCustomizers = set[org.springframework.boot.test.autoconfigure.actuate.metrics.MetricsExportContextCustomizerFactory$DisableMetricExportContextCustomizer@6b44435b, org.springframework.boot.test.autoconfigure.properties.PropertyMappingContextCustomizer@0, org.springframework.boot.test.autoconfigure.web.servlet.WebDriverContextCustomizerFactory$Customizer@6941827a, org.springframework.boot.test.context.filter.ExcludeFilterContextCustomizer@488eb7f2, org.springframework.boot.test.json.DuplicateJsonObjectContextCustomizerFactory$DuplicateJsonObjectContextCustomizer@3fa2213, org.springframework.boot.test.mock.mockito.MockitoContextCustomizer@0, org.springframework.boot.test.web.client.TestRestTemplateContextCustomizer@25b2cfcb, org.springframework.boot.test.context.SpringBootTestArgs@1, org.springframework.boot.test.context.SpringBootTestWebEnvironment@20bd8be5], resourceBasePath = 'src/main/webapp', contextLoader = 'org.springframework.boot.test.context.SpringBootContextLoader', parent = [null]], attributes = map['org.springframework.test.context.web.ServletTestExecutionListener.activateListener' -> true, 'org.springframework.test.context.web.ServletTestExecutionListener.populatedRequestContextHolder' -> true, 'org.springframework.test.context.web.ServletTestExecutionListener.resetRequestContextHolder' -> true, 'org.springframework.test.context.event.ApplicationEventsTestExecutionListener.recordApplicationEvents' -> false]]
]]></system-out>
  <system-err><![CDATA[]]></system-err>
</testsuite>
