<?xml version="1.0" encoding="UTF-8"?>
<testsuite name="com.project.orderservice.service.impl.ItemServiceImplTest" tests="4" skipped="0" failures="0" errors="0" timestamp="2022-04-02T07:54:20" hostname="baeg-eunhuiui-MacBookPro.local" time="0.502">
  <properties/>
  <testcase name="아이디로 상품 조회 성공" classname="com.project.orderservice.service.impl.ItemServiceImplTest" time="0.204"/>
  <testcase name="아이디로 상품 조회 싪패_예외 발생" classname="com.project.orderservice.service.impl.ItemServiceImplTest" time="0.038"/>
  <testcase name="상품 등록 성공" classname="com.project.orderservice.service.impl.ItemServiceImplTest" time="0.196"/>
  <testcase name="모든 상품 조회" classname="com.project.orderservice.service.impl.ItemServiceImplTest" time="0.057"/>
  <system-out><![CDATA[2022-04-02 16:54:20.357  INFO 1506 --- [    Test worker] .b.t.c.SpringBootTestContextBootstrapper : Neither @ContextConfiguration nor @ContextHierarchy found for test class [com.project.orderservice.service.impl.ItemServiceImplTest], using SpringBootContextLoader
2022-04-02 16:54:20.360  INFO 1506 --- [    Test worker] o.s.t.c.support.AbstractContextLoader    : Could not detect default resource locations for test class [com.project.orderservice.service.impl.ItemServiceImplTest]: no resource found for suffixes {-context.xml, Context.groovy}.
2022-04-02 16:54:20.360  INFO 1506 --- [    Test worker] t.c.s.AnnotationConfigContextLoaderUtils : Could not detect default configuration classes for test class [com.project.orderservice.service.impl.ItemServiceImplTest]: ItemServiceImplTest does not declare any static, non-private, non-final, nested classes annotated with @Configuration.
2022-04-02 16:54:20.388  INFO 1506 --- [    Test worker] .b.t.c.SpringBootTestContextBootstrapper : Found @SpringBootConfiguration com.project.orderservice.OrderServiceApplication for test class com.project.orderservice.service.impl.ItemServiceImplTest
2022-04-02 16:54:20.397  INFO 1506 --- [    Test worker] .b.t.c.SpringBootTestContextBootstrapper : Loaded default TestExecutionListener class names from location [META-INF/spring.factories]: [org.springframework.boot.test.autoconfigure.restdocs.RestDocsTestExecutionListener, org.springframework.boot.test.autoconfigure.web.client.MockRestServiceServerResetTestExecutionListener, org.springframework.boot.test.autoconfigure.web.servlet.MockMvcPrintOnlyOnFailureTestExecutionListener, org.springframework.boot.test.autoconfigure.web.servlet.WebDriverTestExecutionListener, org.springframework.boot.test.autoconfigure.webservices.client.MockWebServiceServerTestExecutionListener, org.springframework.boot.test.mock.mockito.MockitoTestExecutionListener, org.springframework.boot.test.mock.mockito.ResetMocksTestExecutionListener, org.springframework.test.context.web.ServletTestExecutionListener, org.springframework.test.context.support.DirtiesContextBeforeModesTestExecutionListener, org.springframework.test.context.event.ApplicationEventsTestExecutionListener, org.springframework.test.context.support.DependencyInjectionTestExecutionListener, org.springframework.test.context.support.DirtiesContextTestExecutionListener, org.springframework.test.context.transaction.TransactionalTestExecutionListener, org.springframework.test.context.jdbc.SqlScriptsTestExecutionListener, org.springframework.test.context.event.EventPublishingTestExecutionListener]
2022-04-02 16:54:20.398  INFO 1506 --- [    Test worker] .b.t.c.SpringBootTestContextBootstrapper : Using TestExecutionListeners: [org.springframework.test.context.web.ServletTestExecutionListener@2d2fe68a, org.springframework.test.context.support.DirtiesContextBeforeModesTestExecutionListener@38213efa, org.springframework.test.context.event.ApplicationEventsTestExecutionListener@73c1dda3, org.springframework.boot.test.mock.mockito.MockitoTestExecutionListener@c3c63c1, org.springframework.boot.test.autoconfigure.SpringBootDependencyInjectionTestExecutionListener@5e75cf7a, org.springframework.test.context.support.DirtiesContextTestExecutionListener@6f12fca0, org.springframework.test.context.transaction.TransactionalTestExecutionListener@12c30824, org.springframework.test.context.jdbc.SqlScriptsTestExecutionListener@7d0e43d6, org.springframework.test.context.event.EventPublishingTestExecutionListener@df04d12, org.springframework.boot.test.autoconfigure.restdocs.RestDocsTestExecutionListener@757f47f0, org.springframework.boot.test.autoconfigure.web.client.MockRestServiceServerResetTestExecutionListener@7ff7e353, org.springframework.boot.test.autoconfigure.web.servlet.MockMvcPrintOnlyOnFailureTestExecutionListener@70680f88, org.springframework.boot.test.autoconfigure.web.servlet.WebDriverTestExecutionListener@7f7f544a, org.springframework.boot.test.autoconfigure.webservices.client.MockWebServiceServerTestExecutionListener@70b0dc92, org.springframework.boot.test.mock.mockito.ResetMocksTestExecutionListener@309d54ac]
2022-04-02 16:54:20.437  INFO 1506 --- [    Test worker] o.s.t.c.transaction.TransactionContext   : Began transaction (1) for test context [DefaultTestContext@64745270 testClass = ItemServiceImplTest, testInstance = com.project.orderservice.service.impl.ItemServiceImplTest@596d17f4, testMethod = findItem_O@ItemServiceImplTest, testException = [null], mergedContextConfiguration = [WebMergedContextConfiguration@35a2ea5a testClass = ItemServiceImplTest, locations = '{}', classes = '{class com.project.orderservice.OrderServiceApplication}', contextInitializerClasses = '[]', activeProfiles = '{}', propertySourceLocations = '{}', propertySourceProperties = '{org.springframework.boot.test.context.SpringBootTestContextBootstrapper=true}', contextCustomizers = set[org.springframework.boot.test.autoconfigure.actuate.metrics.MetricsExportContextCustomizerFactory$DisableMetricExportContextCustomizer@6b44435b, org.springframework.boot.test.autoconfigure.properties.PropertyMappingContextCustomizer@0, org.springframework.boot.test.autoconfigure.web.servlet.WebDriverContextCustomizerFactory$Customizer@6941827a, org.springframework.boot.test.context.filter.ExcludeFilterContextCustomizer@488eb7f2, org.springframework.boot.test.json.DuplicateJsonObjectContextCustomizerFactory$DuplicateJsonObjectContextCustomizer@3fa2213, org.springframework.boot.test.mock.mockito.MockitoContextCustomizer@0, org.springframework.boot.test.web.client.TestRestTemplateContextCustomizer@25b2cfcb, org.springframework.boot.test.context.SpringBootTestArgs@1, org.springframework.boot.test.context.SpringBootTestWebEnvironment@20bd8be5], resourceBasePath = 'src/main/webapp', contextLoader = 'org.springframework.boot.test.context.SpringBootContextLoader', parent = [null]], attributes = map['org.springframework.test.context.web.ServletTestExecutionListener.activateListener' -> true, 'org.springframework.test.context.web.ServletTestExecutionListener.populatedRequestContextHolder' -> true, 'org.springframework.test.context.web.ServletTestExecutionListener.resetRequestContextHolder' -> true, 'org.springframework.test.context.event.ApplicationEventsTestExecutionListener.recordApplicationEvents' -> false]]; transaction manager [org.springframework.orm.jpa.JpaTransactionManager@360d3f47]; rollback [true]
2022-04-02 16:54:20.509 DEBUG 1506 --- [    Test worker] org.hibernate.SQL                        : 
    call next value for hibernate_sequence
2022-04-02 16:54:20.548 DEBUG 1506 --- [    Test worker] org.hibernate.SQL                        : 
    call next value for hibernate_sequence
2022-04-02 16:54:20.619  INFO 1506 --- [    Test worker] o.s.t.c.transaction.TransactionContext   : Rolled back transaction for test: [DefaultTestContext@64745270 testClass = ItemServiceImplTest, testInstance = com.project.orderservice.service.impl.ItemServiceImplTest@596d17f4, testMethod = findItem_O@ItemServiceImplTest, testException = [null], mergedContextConfiguration = [WebMergedContextConfiguration@35a2ea5a testClass = ItemServiceImplTest, locations = '{}', classes = '{class com.project.orderservice.OrderServiceApplication}', contextInitializerClasses = '[]', activeProfiles = '{}', propertySourceLocations = '{}', propertySourceProperties = '{org.springframework.boot.test.context.SpringBootTestContextBootstrapper=true}', contextCustomizers = set[org.springframework.boot.test.autoconfigure.actuate.metrics.MetricsExportContextCustomizerFactory$DisableMetricExportContextCustomizer@6b44435b, org.springframework.boot.test.autoconfigure.properties.PropertyMappingContextCustomizer@0, org.springframework.boot.test.autoconfigure.web.servlet.WebDriverContextCustomizerFactory$Customizer@6941827a, org.springframework.boot.test.context.filter.ExcludeFilterContextCustomizer@488eb7f2, org.springframework.boot.test.json.DuplicateJsonObjectContextCustomizerFactory$DuplicateJsonObjectContextCustomizer@3fa2213, org.springframework.boot.test.mock.mockito.MockitoContextCustomizer@0, org.springframework.boot.test.web.client.TestRestTemplateContextCustomizer@25b2cfcb, org.springframework.boot.test.context.SpringBootTestArgs@1, org.springframework.boot.test.context.SpringBootTestWebEnvironment@20bd8be5], resourceBasePath = 'src/main/webapp', contextLoader = 'org.springframework.boot.test.context.SpringBootContextLoader', parent = [null]], attributes = map['org.springframework.test.context.web.ServletTestExecutionListener.activateListener' -> true, 'org.springframework.test.context.web.ServletTestExecutionListener.populatedRequestContextHolder' -> true, 'org.springframework.test.context.web.ServletTestExecutionListener.resetRequestContextHolder' -> true, 'org.springframework.test.context.event.ApplicationEventsTestExecutionListener.recordApplicationEvents' -> false]]
2022-04-02 16:54:20.625  INFO 1506 --- [    Test worker] o.s.t.c.transaction.TransactionContext   : Began transaction (1) for test context [DefaultTestContext@64745270 testClass = ItemServiceImplTest, testInstance = com.project.orderservice.service.impl.ItemServiceImplTest@4cddc3d9, testMethod = findItem_X@ItemServiceImplTest, testException = [null], mergedContextConfiguration = [WebMergedContextConfiguration@35a2ea5a testClass = ItemServiceImplTest, locations = '{}', classes = '{class com.project.orderservice.OrderServiceApplication}', contextInitializerClasses = '[]', activeProfiles = '{}', propertySourceLocations = '{}', propertySourceProperties = '{org.springframework.boot.test.context.SpringBootTestContextBootstrapper=true}', contextCustomizers = set[org.springframework.boot.test.autoconfigure.actuate.metrics.MetricsExportContextCustomizerFactory$DisableMetricExportContextCustomizer@6b44435b, org.springframework.boot.test.autoconfigure.properties.PropertyMappingContextCustomizer@0, org.springframework.boot.test.autoconfigure.web.servlet.WebDriverContextCustomizerFactory$Customizer@6941827a, org.springframework.boot.test.context.filter.ExcludeFilterContextCustomizer@488eb7f2, org.springframework.boot.test.json.DuplicateJsonObjectContextCustomizerFactory$DuplicateJsonObjectContextCustomizer@3fa2213, org.springframework.boot.test.mock.mockito.MockitoContextCustomizer@0, org.springframework.boot.test.web.client.TestRestTemplateContextCustomizer@25b2cfcb, org.springframework.boot.test.context.SpringBootTestArgs@1, org.springframework.boot.test.context.SpringBootTestWebEnvironment@20bd8be5], resourceBasePath = 'src/main/webapp', contextLoader = 'org.springframework.boot.test.context.SpringBootContextLoader', parent = [null]], attributes = map['org.springframework.test.context.web.ServletTestExecutionListener.activateListener' -> true, 'org.springframework.test.context.web.ServletTestExecutionListener.populatedRequestContextHolder' -> true, 'org.springframework.test.context.web.ServletTestExecutionListener.resetRequestContextHolder' -> true, 'org.springframework.test.context.event.ApplicationEventsTestExecutionListener.recordApplicationEvents' -> false]]; transaction manager [org.springframework.orm.jpa.JpaTransactionManager@360d3f47]; rollback [true]
2022-04-02 16:54:20.632 DEBUG 1506 --- [    Test worker] org.hibernate.SQL                        : 
    select
        item0_.item_id as item_id2_2_0_,
        item0_.name as name3_2_0_,
        item0_.price as price4_2_0_,
        item0_.quantity as quantity5_2_0_,
        item0_1_.artist as artist1_0_0_,
        item0_2_.author as author1_1_0_,
        item0_2_.isbn as isbn2_1_0_,
        item0_3_.actor as actor1_4_0_,
        item0_3_.director as director2_4_0_,
        item0_.dtype as dtype1_2_0_ 
    from
        item item0_ 
    left outer join
        album item0_1_ 
            on item0_.item_id=item0_1_.item_id 
    left outer join
        book item0_2_ 
            on item0_.item_id=item0_2_.item_id 
    left outer join
        movie item0_3_ 
            on item0_.item_id=item0_3_.item_id 
    where
        item0_.item_id=?
2022-04-02 16:54:20.660  INFO 1506 --- [    Test worker] o.s.t.c.transaction.TransactionContext   : Rolled back transaction for test: [DefaultTestContext@64745270 testClass = ItemServiceImplTest, testInstance = com.project.orderservice.service.impl.ItemServiceImplTest@4cddc3d9, testMethod = findItem_X@ItemServiceImplTest, testException = [null], mergedContextConfiguration = [WebMergedContextConfiguration@35a2ea5a testClass = ItemServiceImplTest, locations = '{}', classes = '{class com.project.orderservice.OrderServiceApplication}', contextInitializerClasses = '[]', activeProfiles = '{}', propertySourceLocations = '{}', propertySourceProperties = '{org.springframework.boot.test.context.SpringBootTestContextBootstrapper=true}', contextCustomizers = set[org.springframework.boot.test.autoconfigure.actuate.metrics.MetricsExportContextCustomizerFactory$DisableMetricExportContextCustomizer@6b44435b, org.springframework.boot.test.autoconfigure.properties.PropertyMappingContextCustomizer@0, org.springframework.boot.test.autoconfigure.web.servlet.WebDriverContextCustomizerFactory$Customizer@6941827a, org.springframework.boot.test.context.filter.ExcludeFilterContextCustomizer@488eb7f2, org.springframework.boot.test.json.DuplicateJsonObjectContextCustomizerFactory$DuplicateJsonObjectContextCustomizer@3fa2213, org.springframework.boot.test.mock.mockito.MockitoContextCustomizer@0, org.springframework.boot.test.web.client.TestRestTemplateContextCustomizer@25b2cfcb, org.springframework.boot.test.context.SpringBootTestArgs@1, org.springframework.boot.test.context.SpringBootTestWebEnvironment@20bd8be5], resourceBasePath = 'src/main/webapp', contextLoader = 'org.springframework.boot.test.context.SpringBootContextLoader', parent = [null]], attributes = map['org.springframework.test.context.web.ServletTestExecutionListener.activateListener' -> true, 'org.springframework.test.context.web.ServletTestExecutionListener.populatedRequestContextHolder' -> true, 'org.springframework.test.context.web.ServletTestExecutionListener.resetRequestContextHolder' -> true, 'org.springframework.test.context.event.ApplicationEventsTestExecutionListener.recordApplicationEvents' -> false]]
2022-04-02 16:54:20.665  INFO 1506 --- [    Test worker] o.s.t.c.transaction.TransactionContext   : Began transaction (1) for test context [DefaultTestContext@64745270 testClass = ItemServiceImplTest, testInstance = com.project.orderservice.service.impl.ItemServiceImplTest@4769e70c, testMethod = saveItemBook@ItemServiceImplTest, testException = [null], mergedContextConfiguration = [WebMergedContextConfiguration@35a2ea5a testClass = ItemServiceImplTest, locations = '{}', classes = '{class com.project.orderservice.OrderServiceApplication}', contextInitializerClasses = '[]', activeProfiles = '{}', propertySourceLocations = '{}', propertySourceProperties = '{org.springframework.boot.test.context.SpringBootTestContextBootstrapper=true}', contextCustomizers = set[org.springframework.boot.test.autoconfigure.actuate.metrics.MetricsExportContextCustomizerFactory$DisableMetricExportContextCustomizer@6b44435b, org.springframework.boot.test.autoconfigure.properties.PropertyMappingContextCustomizer@0, org.springframework.boot.test.autoconfigure.web.servlet.WebDriverContextCustomizerFactory$Customizer@6941827a, org.springframework.boot.test.context.filter.ExcludeFilterContextCustomizer@488eb7f2, org.springframework.boot.test.json.DuplicateJsonObjectContextCustomizerFactory$DuplicateJsonObjectContextCustomizer@3fa2213, org.springframework.boot.test.mock.mockito.MockitoContextCustomizer@0, org.springframework.boot.test.web.client.TestRestTemplateContextCustomizer@25b2cfcb, org.springframework.boot.test.context.SpringBootTestArgs@1, org.springframework.boot.test.context.SpringBootTestWebEnvironment@20bd8be5], resourceBasePath = 'src/main/webapp', contextLoader = 'org.springframework.boot.test.context.SpringBootContextLoader', parent = [null]], attributes = map['org.springframework.test.context.web.ServletTestExecutionListener.activateListener' -> true, 'org.springframework.test.context.web.ServletTestExecutionListener.populatedRequestContextHolder' -> true, 'org.springframework.test.context.web.ServletTestExecutionListener.resetRequestContextHolder' -> true, 'org.springframework.test.context.event.ApplicationEventsTestExecutionListener.recordApplicationEvents' -> false]]; transaction manager [org.springframework.orm.jpa.JpaTransactionManager@360d3f47]; rollback [true]
2022-04-02 16:54:20.667 DEBUG 1506 --- [    Test worker] org.hibernate.SQL                        : 
    call next value for hibernate_sequence
2022-04-02 16:54:20.671 DEBUG 1506 --- [    Test worker] org.hibernate.SQL                        : 
    call next value for hibernate_sequence
2022-04-02 16:54:20.799 DEBUG 1506 --- [    Test worker] org.hibernate.SQL                        : 
    insert 
    into
        item
        (name, price, quantity, dtype, item_id) 
    values
        (?, ?, ?, 'Book', ?)
2022-04-02 16:54:20.808 DEBUG 1506 --- [    Test worker] org.hibernate.SQL                        : 
    insert 
    into
        book
        (author, isbn, item_id) 
    values
        (?, ?, ?)
2022-04-02 16:54:20.811 DEBUG 1506 --- [    Test worker] org.hibernate.SQL                        : 
    insert 
    into
        item
        (name, price, quantity, dtype, item_id) 
    values
        (?, ?, ?, 'Book', ?)
2022-04-02 16:54:20.813 DEBUG 1506 --- [    Test worker] org.hibernate.SQL                        : 
    insert 
    into
        book
        (author, isbn, item_id) 
    values
        (?, ?, ?)
2022-04-02 16:54:20.817 DEBUG 1506 --- [    Test worker] org.hibernate.SQL                        : 
    select
        item0_.item_id as item_id2_2_,
        item0_.name as name3_2_,
        item0_.price as price4_2_,
        item0_.quantity as quantity5_2_,
        item0_1_.artist as artist1_0_,
        item0_2_.author as author1_1_,
        item0_2_.isbn as isbn2_1_,
        item0_3_.actor as actor1_4_,
        item0_3_.director as director2_4_,
        item0_.dtype as dtype1_2_ 
    from
        item item0_ 
    left outer join
        album item0_1_ 
            on item0_.item_id=item0_1_.item_id 
    left outer join
        book item0_2_ 
            on item0_.item_id=item0_2_.item_id 
    left outer join
        movie item0_3_ 
            on item0_.item_id=item0_3_.item_id
2022-04-02 16:54:20.856  INFO 1506 --- [    Test worker] o.s.t.c.transaction.TransactionContext   : Rolled back transaction for test: [DefaultTestContext@64745270 testClass = ItemServiceImplTest, testInstance = com.project.orderservice.service.impl.ItemServiceImplTest@4769e70c, testMethod = saveItemBook@ItemServiceImplTest, testException = [null], mergedContextConfiguration = [WebMergedContextConfiguration@35a2ea5a testClass = ItemServiceImplTest, locations = '{}', classes = '{class com.project.orderservice.OrderServiceApplication}', contextInitializerClasses = '[]', activeProfiles = '{}', propertySourceLocations = '{}', propertySourceProperties = '{org.springframework.boot.test.context.SpringBootTestContextBootstrapper=true}', contextCustomizers = set[org.springframework.boot.test.autoconfigure.actuate.metrics.MetricsExportContextCustomizerFactory$DisableMetricExportContextCustomizer@6b44435b, org.springframework.boot.test.autoconfigure.properties.PropertyMappingContextCustomizer@0, org.springframework.boot.test.autoconfigure.web.servlet.WebDriverContextCustomizerFactory$Customizer@6941827a, org.springframework.boot.test.context.filter.ExcludeFilterContextCustomizer@488eb7f2, org.springframework.boot.test.json.DuplicateJsonObjectContextCustomizerFactory$DuplicateJsonObjectContextCustomizer@3fa2213, org.springframework.boot.test.mock.mockito.MockitoContextCustomizer@0, org.springframework.boot.test.web.client.TestRestTemplateContextCustomizer@25b2cfcb, org.springframework.boot.test.context.SpringBootTestArgs@1, org.springframework.boot.test.context.SpringBootTestWebEnvironment@20bd8be5], resourceBasePath = 'src/main/webapp', contextLoader = 'org.springframework.boot.test.context.SpringBootContextLoader', parent = [null]], attributes = map['org.springframework.test.context.web.ServletTestExecutionListener.activateListener' -> true, 'org.springframework.test.context.web.ServletTestExecutionListener.populatedRequestContextHolder' -> true, 'org.springframework.test.context.web.ServletTestExecutionListener.resetRequestContextHolder' -> true, 'org.springframework.test.context.event.ApplicationEventsTestExecutionListener.recordApplicationEvents' -> false]]
2022-04-02 16:54:20.864  INFO 1506 --- [    Test worker] o.s.t.c.transaction.TransactionContext   : Began transaction (1) for test context [DefaultTestContext@64745270 testClass = ItemServiceImplTest, testInstance = com.project.orderservice.service.impl.ItemServiceImplTest@5c8d685e, testMethod = findAllItems@ItemServiceImplTest, testException = [null], mergedContextConfiguration = [WebMergedContextConfiguration@35a2ea5a testClass = ItemServiceImplTest, locations = '{}', classes = '{class com.project.orderservice.OrderServiceApplication}', contextInitializerClasses = '[]', activeProfiles = '{}', propertySourceLocations = '{}', propertySourceProperties = '{org.springframework.boot.test.context.SpringBootTestContextBootstrapper=true}', contextCustomizers = set[org.springframework.boot.test.autoconfigure.actuate.metrics.MetricsExportContextCustomizerFactory$DisableMetricExportContextCustomizer@6b44435b, org.springframework.boot.test.autoconfigure.properties.PropertyMappingContextCustomizer@0, org.springframework.boot.test.autoconfigure.web.servlet.WebDriverContextCustomizerFactory$Customizer@6941827a, org.springframework.boot.test.context.filter.ExcludeFilterContextCustomizer@488eb7f2, org.springframework.boot.test.json.DuplicateJsonObjectContextCustomizerFactory$DuplicateJsonObjectContextCustomizer@3fa2213, org.springframework.boot.test.mock.mockito.MockitoContextCustomizer@0, org.springframework.boot.test.web.client.TestRestTemplateContextCustomizer@25b2cfcb, org.springframework.boot.test.context.SpringBootTestArgs@1, org.springframework.boot.test.context.SpringBootTestWebEnvironment@20bd8be5], resourceBasePath = 'src/main/webapp', contextLoader = 'org.springframework.boot.test.context.SpringBootContextLoader', parent = [null]], attributes = map['org.springframework.test.context.web.ServletTestExecutionListener.activateListener' -> true, 'org.springframework.test.context.web.ServletTestExecutionListener.populatedRequestContextHolder' -> true, 'org.springframework.test.context.web.ServletTestExecutionListener.resetRequestContextHolder' -> true, 'org.springframework.test.context.event.ApplicationEventsTestExecutionListener.recordApplicationEvents' -> false]]; transaction manager [org.springframework.orm.jpa.JpaTransactionManager@360d3f47]; rollback [true]
2022-04-02 16:54:20.867 DEBUG 1506 --- [    Test worker] org.hibernate.SQL                        : 
    call next value for hibernate_sequence
2022-04-02 16:54:20.870 DEBUG 1506 --- [    Test worker] org.hibernate.SQL                        : 
    call next value for hibernate_sequence
2022-04-02 16:54:20.873 DEBUG 1506 --- [    Test worker] org.hibernate.SQL                        : 
    insert 
    into
        item
        (name, price, quantity, dtype, item_id) 
    values
        (?, ?, ?, 'Book', ?)
2022-04-02 16:54:20.877 DEBUG 1506 --- [    Test worker] org.hibernate.SQL                        : 
    insert 
    into
        book
        (author, isbn, item_id) 
    values
        (?, ?, ?)
2022-04-02 16:54:20.880 DEBUG 1506 --- [    Test worker] org.hibernate.SQL                        : 
    insert 
    into
        item
        (name, price, quantity, dtype, item_id) 
    values
        (?, ?, ?, 'Book', ?)
2022-04-02 16:54:20.885 DEBUG 1506 --- [    Test worker] org.hibernate.SQL                        : 
    insert 
    into
        book
        (author, isbn, item_id) 
    values
        (?, ?, ?)
2022-04-02 16:54:20.886 DEBUG 1506 --- [    Test worker] org.hibernate.SQL                        : 
    select
        item0_.item_id as item_id2_2_,
        item0_.name as name3_2_,
        item0_.price as price4_2_,
        item0_.quantity as quantity5_2_,
        item0_1_.artist as artist1_0_,
        item0_2_.author as author1_1_,
        item0_2_.isbn as isbn2_1_,
        item0_3_.actor as actor1_4_,
        item0_3_.director as director2_4_,
        item0_.dtype as dtype1_2_ 
    from
        item item0_ 
    left outer join
        album item0_1_ 
            on item0_.item_id=item0_1_.item_id 
    left outer join
        book item0_2_ 
            on item0_.item_id=item0_2_.item_id 
    left outer join
        movie item0_3_ 
            on item0_.item_id=item0_3_.item_id
2022-04-02 16:54:20.918  INFO 1506 --- [    Test worker] o.s.t.c.transaction.TransactionContext   : Rolled back transaction for test: [DefaultTestContext@64745270 testClass = ItemServiceImplTest, testInstance = com.project.orderservice.service.impl.ItemServiceImplTest@5c8d685e, testMethod = findAllItems@ItemServiceImplTest, testException = [null], mergedContextConfiguration = [WebMergedContextConfiguration@35a2ea5a testClass = ItemServiceImplTest, locations = '{}', classes = '{class com.project.orderservice.OrderServiceApplication}', contextInitializerClasses = '[]', activeProfiles = '{}', propertySourceLocations = '{}', propertySourceProperties = '{org.springframework.boot.test.context.SpringBootTestContextBootstrapper=true}', contextCustomizers = set[org.springframework.boot.test.autoconfigure.actuate.metrics.MetricsExportContextCustomizerFactory$DisableMetricExportContextCustomizer@6b44435b, org.springframework.boot.test.autoconfigure.properties.PropertyMappingContextCustomizer@0, org.springframework.boot.test.autoconfigure.web.servlet.WebDriverContextCustomizerFactory$Customizer@6941827a, org.springframework.boot.test.context.filter.ExcludeFilterContextCustomizer@488eb7f2, org.springframework.boot.test.json.DuplicateJsonObjectContextCustomizerFactory$DuplicateJsonObjectContextCustomizer@3fa2213, org.springframework.boot.test.mock.mockito.MockitoContextCustomizer@0, org.springframework.boot.test.web.client.TestRestTemplateContextCustomizer@25b2cfcb, org.springframework.boot.test.context.SpringBootTestArgs@1, org.springframework.boot.test.context.SpringBootTestWebEnvironment@20bd8be5], resourceBasePath = 'src/main/webapp', contextLoader = 'org.springframework.boot.test.context.SpringBootContextLoader', parent = [null]], attributes = map['org.springframework.test.context.web.ServletTestExecutionListener.activateListener' -> true, 'org.springframework.test.context.web.ServletTestExecutionListener.populatedRequestContextHolder' -> true, 'org.springframework.test.context.web.ServletTestExecutionListener.resetRequestContextHolder' -> true, 'org.springframework.test.context.event.ApplicationEventsTestExecutionListener.recordApplicationEvents' -> false]]
]]></system-out>
  <system-err><![CDATA[]]></system-err>
</testsuite>
