<?xml version="1.0" encoding="UTF-8"?>
<testsuite name="com.project.orderservice.service.impl.MemberServiceImplTest" tests="5" skipped="0" failures="0" errors="0" timestamp="2022-04-01T02:27:19" hostname="baeg-eunhuiui-MacBookPro.local" time="0.125">
  <properties/>
  <testcase name="회원 등록 -&gt; 성공" classname="com.project.orderservice.service.impl.MemberServiceImplTest" time="0.047"/>
  <testcase name="회원 조회 -&gt; 예외 발생" classname="com.project.orderservice.service.impl.MemberServiceImplTest" time="0.013"/>
  <testcase name="모든 멤버 조회" classname="com.project.orderservice.service.impl.MemberServiceImplTest" time="0.027"/>
  <testcase name="아이디로 멤버 조회" classname="com.project.orderservice.service.impl.MemberServiceImplTest" time="0.015"/>
  <testcase name="회원 등록 -&gt; member.getId(), savedMember.getId()" classname="com.project.orderservice.service.impl.MemberServiceImplTest" time="0.015"/>
  <system-out><![CDATA[2022-04-01 11:27:19.891  INFO 1909 --- [    Test worker] .b.t.c.SpringBootTestContextBootstrapper : Neither @ContextConfiguration nor @ContextHierarchy found for test class [com.project.orderservice.service.impl.MemberServiceImplTest], using SpringBootContextLoader
2022-04-01 11:27:19.893  INFO 1909 --- [    Test worker] o.s.t.c.support.AbstractContextLoader    : Could not detect default resource locations for test class [com.project.orderservice.service.impl.MemberServiceImplTest]: no resource found for suffixes {-context.xml, Context.groovy}.
2022-04-01 11:27:19.894  INFO 1909 --- [    Test worker] t.c.s.AnnotationConfigContextLoaderUtils : Could not detect default configuration classes for test class [com.project.orderservice.service.impl.MemberServiceImplTest]: MemberServiceImplTest does not declare any static, non-private, non-final, nested classes annotated with @Configuration.
2022-04-01 11:27:19.901  INFO 1909 --- [    Test worker] .b.t.c.SpringBootTestContextBootstrapper : Found @SpringBootConfiguration com.project.orderservice.OrderServiceApplication for test class com.project.orderservice.service.impl.MemberServiceImplTest
2022-04-01 11:27:19.907  INFO 1909 --- [    Test worker] .b.t.c.SpringBootTestContextBootstrapper : Loaded default TestExecutionListener class names from location [META-INF/spring.factories]: [org.springframework.boot.test.autoconfigure.restdocs.RestDocsTestExecutionListener, org.springframework.boot.test.autoconfigure.web.client.MockRestServiceServerResetTestExecutionListener, org.springframework.boot.test.autoconfigure.web.servlet.MockMvcPrintOnlyOnFailureTestExecutionListener, org.springframework.boot.test.autoconfigure.web.servlet.WebDriverTestExecutionListener, org.springframework.boot.test.autoconfigure.webservices.client.MockWebServiceServerTestExecutionListener, org.springframework.boot.test.mock.mockito.MockitoTestExecutionListener, org.springframework.boot.test.mock.mockito.ResetMocksTestExecutionListener, org.springframework.test.context.web.ServletTestExecutionListener, org.springframework.test.context.support.DirtiesContextBeforeModesTestExecutionListener, org.springframework.test.context.event.ApplicationEventsTestExecutionListener, org.springframework.test.context.support.DependencyInjectionTestExecutionListener, org.springframework.test.context.support.DirtiesContextTestExecutionListener, org.springframework.test.context.transaction.TransactionalTestExecutionListener, org.springframework.test.context.jdbc.SqlScriptsTestExecutionListener, org.springframework.test.context.event.EventPublishingTestExecutionListener]
2022-04-01 11:27:19.908  INFO 1909 --- [    Test worker] .b.t.c.SpringBootTestContextBootstrapper : Using TestExecutionListeners: [org.springframework.test.context.web.ServletTestExecutionListener@68423388, org.springframework.test.context.support.DirtiesContextBeforeModesTestExecutionListener@1104cf3a, org.springframework.test.context.event.ApplicationEventsTestExecutionListener@85fd4b, org.springframework.boot.test.mock.mockito.MockitoTestExecutionListener@6715a6da, org.springframework.boot.test.autoconfigure.SpringBootDependencyInjectionTestExecutionListener@1eb207c3, org.springframework.test.context.support.DirtiesContextTestExecutionListener@29f86630, org.springframework.test.context.transaction.TransactionalTestExecutionListener@6b8a9e1, org.springframework.test.context.jdbc.SqlScriptsTestExecutionListener@4c51fc9a, org.springframework.test.context.event.EventPublishingTestExecutionListener@425376cc, org.springframework.boot.test.autoconfigure.restdocs.RestDocsTestExecutionListener@28705150, org.springframework.boot.test.autoconfigure.web.client.MockRestServiceServerResetTestExecutionListener@6b44121e, org.springframework.boot.test.autoconfigure.web.servlet.MockMvcPrintOnlyOnFailureTestExecutionListener@28b286c0, org.springframework.boot.test.autoconfigure.web.servlet.WebDriverTestExecutionListener@718e700c, org.springframework.boot.test.autoconfigure.webservices.client.MockWebServiceServerTestExecutionListener@5b5e45bc, org.springframework.boot.test.mock.mockito.ResetMocksTestExecutionListener@10c1682b]
2022-04-01 11:27:19.922  INFO 1909 --- [    Test worker] o.s.t.c.transaction.TransactionContext   : Began transaction (1) for test context [DefaultTestContext@7be9e9fc testClass = MemberServiceImplTest, testInstance = com.project.orderservice.service.impl.MemberServiceImplTest@7e864fa4, testMethod = saveMember_O@MemberServiceImplTest, testException = [null], mergedContextConfiguration = [WebMergedContextConfiguration@452d6fd testClass = MemberServiceImplTest, locations = '{}', classes = '{class com.project.orderservice.OrderServiceApplication}', contextInitializerClasses = '[]', activeProfiles = '{}', propertySourceLocations = '{}', propertySourceProperties = '{org.springframework.boot.test.context.SpringBootTestContextBootstrapper=true}', contextCustomizers = set[org.springframework.boot.test.autoconfigure.actuate.metrics.MetricsExportContextCustomizerFactory$DisableMetricExportContextCustomizer@3eeb318f, org.springframework.boot.test.autoconfigure.properties.PropertyMappingContextCustomizer@0, org.springframework.boot.test.autoconfigure.web.servlet.WebDriverContextCustomizerFactory$Customizer@58fe0499, org.springframework.boot.test.context.filter.ExcludeFilterContextCustomizer@aa549e5, org.springframework.boot.test.json.DuplicateJsonObjectContextCustomizerFactory$DuplicateJsonObjectContextCustomizer@3b7ff809, org.springframework.boot.test.mock.mockito.MockitoContextCustomizer@0, org.springframework.boot.test.web.client.TestRestTemplateContextCustomizer@75390459, org.springframework.boot.test.context.SpringBootTestArgs@1, org.springframework.boot.test.context.SpringBootTestWebEnvironment@16612a51], resourceBasePath = 'src/main/webapp', contextLoader = 'org.springframework.boot.test.context.SpringBootContextLoader', parent = [null]], attributes = map['org.springframework.test.context.web.ServletTestExecutionListener.activateListener' -> true, 'org.springframework.test.context.web.ServletTestExecutionListener.populatedRequestContextHolder' -> true, 'org.springframework.test.context.web.ServletTestExecutionListener.resetRequestContextHolder' -> true, 'org.springframework.test.context.event.ApplicationEventsTestExecutionListener.recordApplicationEvents' -> false]]; transaction manager [org.springframework.orm.jpa.JpaTransactionManager@55c581e4]; rollback [true]
2022-04-01 11:27:19.946 DEBUG 1909 --- [    Test worker] org.hibernate.SQL                        : 
    call next value for hibernate_sequence
2022-04-01 11:27:19.948 DEBUG 1909 --- [    Test worker] org.hibernate.SQL                        : 
    call next value for hibernate_sequence
2022-04-01 11:27:19.956 DEBUG 1909 --- [    Test worker] org.hibernate.SQL                        : 
    insert 
    into
        member
        (city, street, zipcode, name, member_id) 
    values
        (?, ?, ?, ?, ?)
2022-04-01 11:27:19.958 DEBUG 1909 --- [    Test worker] org.hibernate.SQL                        : 
    insert 
    into
        member
        (city, street, zipcode, name, member_id) 
    values
        (?, ?, ?, ?, ?)
2022-04-01 11:27:19.959 DEBUG 1909 --- [    Test worker] org.hibernate.SQL                        : 
    select
        member0_.member_id as member_i1_3_,
        member0_.city as city2_3_,
        member0_.street as street3_3_,
        member0_.zipcode as zipcode4_3_,
        member0_.name as name5_3_ 
    from
        member member0_
2022-04-01 11:27:19.964  INFO 1909 --- [    Test worker] o.s.t.c.transaction.TransactionContext   : Rolled back transaction for test: [DefaultTestContext@7be9e9fc testClass = MemberServiceImplTest, testInstance = com.project.orderservice.service.impl.MemberServiceImplTest@7e864fa4, testMethod = saveMember_O@MemberServiceImplTest, testException = [null], mergedContextConfiguration = [WebMergedContextConfiguration@452d6fd testClass = MemberServiceImplTest, locations = '{}', classes = '{class com.project.orderservice.OrderServiceApplication}', contextInitializerClasses = '[]', activeProfiles = '{}', propertySourceLocations = '{}', propertySourceProperties = '{org.springframework.boot.test.context.SpringBootTestContextBootstrapper=true}', contextCustomizers = set[org.springframework.boot.test.autoconfigure.actuate.metrics.MetricsExportContextCustomizerFactory$DisableMetricExportContextCustomizer@3eeb318f, org.springframework.boot.test.autoconfigure.properties.PropertyMappingContextCustomizer@0, org.springframework.boot.test.autoconfigure.web.servlet.WebDriverContextCustomizerFactory$Customizer@58fe0499, org.springframework.boot.test.context.filter.ExcludeFilterContextCustomizer@aa549e5, org.springframework.boot.test.json.DuplicateJsonObjectContextCustomizerFactory$DuplicateJsonObjectContextCustomizer@3b7ff809, org.springframework.boot.test.mock.mockito.MockitoContextCustomizer@0, org.springframework.boot.test.web.client.TestRestTemplateContextCustomizer@75390459, org.springframework.boot.test.context.SpringBootTestArgs@1, org.springframework.boot.test.context.SpringBootTestWebEnvironment@16612a51], resourceBasePath = 'src/main/webapp', contextLoader = 'org.springframework.boot.test.context.SpringBootContextLoader', parent = [null]], attributes = map['org.springframework.test.context.web.ServletTestExecutionListener.activateListener' -> true, 'org.springframework.test.context.web.ServletTestExecutionListener.populatedRequestContextHolder' -> true, 'org.springframework.test.context.web.ServletTestExecutionListener.resetRequestContextHolder' -> true, 'org.springframework.test.context.event.ApplicationEventsTestExecutionListener.recordApplicationEvents' -> false]]
2022-04-01 11:27:19.968  INFO 1909 --- [    Test worker] o.s.t.c.transaction.TransactionContext   : Began transaction (1) for test context [DefaultTestContext@7be9e9fc testClass = MemberServiceImplTest, testInstance = com.project.orderservice.service.impl.MemberServiceImplTest@797ca322, testMethod = saveMember_X@MemberServiceImplTest, testException = [null], mergedContextConfiguration = [WebMergedContextConfiguration@452d6fd testClass = MemberServiceImplTest, locations = '{}', classes = '{class com.project.orderservice.OrderServiceApplication}', contextInitializerClasses = '[]', activeProfiles = '{}', propertySourceLocations = '{}', propertySourceProperties = '{org.springframework.boot.test.context.SpringBootTestContextBootstrapper=true}', contextCustomizers = set[org.springframework.boot.test.autoconfigure.actuate.metrics.MetricsExportContextCustomizerFactory$DisableMetricExportContextCustomizer@3eeb318f, org.springframework.boot.test.autoconfigure.properties.PropertyMappingContextCustomizer@0, org.springframework.boot.test.autoconfigure.web.servlet.WebDriverContextCustomizerFactory$Customizer@58fe0499, org.springframework.boot.test.context.filter.ExcludeFilterContextCustomizer@aa549e5, org.springframework.boot.test.json.DuplicateJsonObjectContextCustomizerFactory$DuplicateJsonObjectContextCustomizer@3b7ff809, org.springframework.boot.test.mock.mockito.MockitoContextCustomizer@0, org.springframework.boot.test.web.client.TestRestTemplateContextCustomizer@75390459, org.springframework.boot.test.context.SpringBootTestArgs@1, org.springframework.boot.test.context.SpringBootTestWebEnvironment@16612a51], resourceBasePath = 'src/main/webapp', contextLoader = 'org.springframework.boot.test.context.SpringBootContextLoader', parent = [null]], attributes = map['org.springframework.test.context.web.ServletTestExecutionListener.activateListener' -> true, 'org.springframework.test.context.web.ServletTestExecutionListener.populatedRequestContextHolder' -> true, 'org.springframework.test.context.web.ServletTestExecutionListener.resetRequestContextHolder' -> true, 'org.springframework.test.context.event.ApplicationEventsTestExecutionListener.recordApplicationEvents' -> false]]; transaction manager [org.springframework.orm.jpa.JpaTransactionManager@55c581e4]; rollback [true]
2022-04-01 11:27:19.970 DEBUG 1909 --- [    Test worker] org.hibernate.SQL                        : 
    select
        member0_.member_id as member_i1_3_0_,
        member0_.city as city2_3_0_,
        member0_.street as street3_3_0_,
        member0_.zipcode as zipcode4_3_0_,
        member0_.name as name5_3_0_ 
    from
        member member0_ 
    where
        member0_.member_id=?
2022-04-01 11:27:19.978  INFO 1909 --- [    Test worker] o.s.t.c.transaction.TransactionContext   : Rolled back transaction for test: [DefaultTestContext@7be9e9fc testClass = MemberServiceImplTest, testInstance = com.project.orderservice.service.impl.MemberServiceImplTest@797ca322, testMethod = saveMember_X@MemberServiceImplTest, testException = [null], mergedContextConfiguration = [WebMergedContextConfiguration@452d6fd testClass = MemberServiceImplTest, locations = '{}', classes = '{class com.project.orderservice.OrderServiceApplication}', contextInitializerClasses = '[]', activeProfiles = '{}', propertySourceLocations = '{}', propertySourceProperties = '{org.springframework.boot.test.context.SpringBootTestContextBootstrapper=true}', contextCustomizers = set[org.springframework.boot.test.autoconfigure.actuate.metrics.MetricsExportContextCustomizerFactory$DisableMetricExportContextCustomizer@3eeb318f, org.springframework.boot.test.autoconfigure.properties.PropertyMappingContextCustomizer@0, org.springframework.boot.test.autoconfigure.web.servlet.WebDriverContextCustomizerFactory$Customizer@58fe0499, org.springframework.boot.test.context.filter.ExcludeFilterContextCustomizer@aa549e5, org.springframework.boot.test.json.DuplicateJsonObjectContextCustomizerFactory$DuplicateJsonObjectContextCustomizer@3b7ff809, org.springframework.boot.test.mock.mockito.MockitoContextCustomizer@0, org.springframework.boot.test.web.client.TestRestTemplateContextCustomizer@75390459, org.springframework.boot.test.context.SpringBootTestArgs@1, org.springframework.boot.test.context.SpringBootTestWebEnvironment@16612a51], resourceBasePath = 'src/main/webapp', contextLoader = 'org.springframework.boot.test.context.SpringBootContextLoader', parent = [null]], attributes = map['org.springframework.test.context.web.ServletTestExecutionListener.activateListener' -> true, 'org.springframework.test.context.web.ServletTestExecutionListener.populatedRequestContextHolder' -> true, 'org.springframework.test.context.web.ServletTestExecutionListener.resetRequestContextHolder' -> true, 'org.springframework.test.context.event.ApplicationEventsTestExecutionListener.recordApplicationEvents' -> false]]
2022-04-01 11:27:19.981  INFO 1909 --- [    Test worker] o.s.t.c.transaction.TransactionContext   : Began transaction (1) for test context [DefaultTestContext@7be9e9fc testClass = MemberServiceImplTest, testInstance = com.project.orderservice.service.impl.MemberServiceImplTest@18c432ed, testMethod = findAllMember@MemberServiceImplTest, testException = [null], mergedContextConfiguration = [WebMergedContextConfiguration@452d6fd testClass = MemberServiceImplTest, locations = '{}', classes = '{class com.project.orderservice.OrderServiceApplication}', contextInitializerClasses = '[]', activeProfiles = '{}', propertySourceLocations = '{}', propertySourceProperties = '{org.springframework.boot.test.context.SpringBootTestContextBootstrapper=true}', contextCustomizers = set[org.springframework.boot.test.autoconfigure.actuate.metrics.MetricsExportContextCustomizerFactory$DisableMetricExportContextCustomizer@3eeb318f, org.springframework.boot.test.autoconfigure.properties.PropertyMappingContextCustomizer@0, org.springframework.boot.test.autoconfigure.web.servlet.WebDriverContextCustomizerFactory$Customizer@58fe0499, org.springframework.boot.test.context.filter.ExcludeFilterContextCustomizer@aa549e5, org.springframework.boot.test.json.DuplicateJsonObjectContextCustomizerFactory$DuplicateJsonObjectContextCustomizer@3b7ff809, org.springframework.boot.test.mock.mockito.MockitoContextCustomizer@0, org.springframework.boot.test.web.client.TestRestTemplateContextCustomizer@75390459, org.springframework.boot.test.context.SpringBootTestArgs@1, org.springframework.boot.test.context.SpringBootTestWebEnvironment@16612a51], resourceBasePath = 'src/main/webapp', contextLoader = 'org.springframework.boot.test.context.SpringBootContextLoader', parent = [null]], attributes = map['org.springframework.test.context.web.ServletTestExecutionListener.activateListener' -> true, 'org.springframework.test.context.web.ServletTestExecutionListener.populatedRequestContextHolder' -> true, 'org.springframework.test.context.web.ServletTestExecutionListener.resetRequestContextHolder' -> true, 'org.springframework.test.context.event.ApplicationEventsTestExecutionListener.recordApplicationEvents' -> false]]; transaction manager [org.springframework.orm.jpa.JpaTransactionManager@55c581e4]; rollback [true]
2022-04-01 11:27:19.982 DEBUG 1909 --- [    Test worker] org.hibernate.SQL                        : 
    call next value for hibernate_sequence
2022-04-01 11:27:19.983 DEBUG 1909 --- [    Test worker] org.hibernate.SQL                        : 
    call next value for hibernate_sequence
2022-04-01 11:27:19.985 DEBUG 1909 --- [    Test worker] org.hibernate.SQL                        : 
    insert 
    into
        member
        (city, street, zipcode, name, member_id) 
    values
        (?, ?, ?, ?, ?)
2022-04-01 11:27:19.994 DEBUG 1909 --- [    Test worker] org.hibernate.SQL                        : 
    insert 
    into
        member
        (city, street, zipcode, name, member_id) 
    values
        (?, ?, ?, ?, ?)
2022-04-01 11:27:19.995 DEBUG 1909 --- [    Test worker] org.hibernate.SQL                        : 
    select
        member0_.member_id as member_i1_3_,
        member0_.city as city2_3_,
        member0_.street as street3_3_,
        member0_.zipcode as zipcode4_3_,
        member0_.name as name5_3_ 
    from
        member member0_
2022-04-01 11:27:20.004  INFO 1909 --- [    Test worker] o.s.t.c.transaction.TransactionContext   : Rolled back transaction for test: [DefaultTestContext@7be9e9fc testClass = MemberServiceImplTest, testInstance = com.project.orderservice.service.impl.MemberServiceImplTest@18c432ed, testMethod = findAllMember@MemberServiceImplTest, testException = [null], mergedContextConfiguration = [WebMergedContextConfiguration@452d6fd testClass = MemberServiceImplTest, locations = '{}', classes = '{class com.project.orderservice.OrderServiceApplication}', contextInitializerClasses = '[]', activeProfiles = '{}', propertySourceLocations = '{}', propertySourceProperties = '{org.springframework.boot.test.context.SpringBootTestContextBootstrapper=true}', contextCustomizers = set[org.springframework.boot.test.autoconfigure.actuate.metrics.MetricsExportContextCustomizerFactory$DisableMetricExportContextCustomizer@3eeb318f, org.springframework.boot.test.autoconfigure.properties.PropertyMappingContextCustomizer@0, org.springframework.boot.test.autoconfigure.web.servlet.WebDriverContextCustomizerFactory$Customizer@58fe0499, org.springframework.boot.test.context.filter.ExcludeFilterContextCustomizer@aa549e5, org.springframework.boot.test.json.DuplicateJsonObjectContextCustomizerFactory$DuplicateJsonObjectContextCustomizer@3b7ff809, org.springframework.boot.test.mock.mockito.MockitoContextCustomizer@0, org.springframework.boot.test.web.client.TestRestTemplateContextCustomizer@75390459, org.springframework.boot.test.context.SpringBootTestArgs@1, org.springframework.boot.test.context.SpringBootTestWebEnvironment@16612a51], resourceBasePath = 'src/main/webapp', contextLoader = 'org.springframework.boot.test.context.SpringBootContextLoader', parent = [null]], attributes = map['org.springframework.test.context.web.ServletTestExecutionListener.activateListener' -> true, 'org.springframework.test.context.web.ServletTestExecutionListener.populatedRequestContextHolder' -> true, 'org.springframework.test.context.web.ServletTestExecutionListener.resetRequestContextHolder' -> true, 'org.springframework.test.context.event.ApplicationEventsTestExecutionListener.recordApplicationEvents' -> false]]
2022-04-01 11:27:20.014  INFO 1909 --- [    Test worker] o.s.t.c.transaction.TransactionContext   : Began transaction (1) for test context [DefaultTestContext@7be9e9fc testClass = MemberServiceImplTest, testInstance = com.project.orderservice.service.impl.MemberServiceImplTest@4607cbe2, testMethod = findMember@MemberServiceImplTest, testException = [null], mergedContextConfiguration = [WebMergedContextConfiguration@452d6fd testClass = MemberServiceImplTest, locations = '{}', classes = '{class com.project.orderservice.OrderServiceApplication}', contextInitializerClasses = '[]', activeProfiles = '{}', propertySourceLocations = '{}', propertySourceProperties = '{org.springframework.boot.test.context.SpringBootTestContextBootstrapper=true}', contextCustomizers = set[org.springframework.boot.test.autoconfigure.actuate.metrics.MetricsExportContextCustomizerFactory$DisableMetricExportContextCustomizer@3eeb318f, org.springframework.boot.test.autoconfigure.properties.PropertyMappingContextCustomizer@0, org.springframework.boot.test.autoconfigure.web.servlet.WebDriverContextCustomizerFactory$Customizer@58fe0499, org.springframework.boot.test.context.filter.ExcludeFilterContextCustomizer@aa549e5, org.springframework.boot.test.json.DuplicateJsonObjectContextCustomizerFactory$DuplicateJsonObjectContextCustomizer@3b7ff809, org.springframework.boot.test.mock.mockito.MockitoContextCustomizer@0, org.springframework.boot.test.web.client.TestRestTemplateContextCustomizer@75390459, org.springframework.boot.test.context.SpringBootTestArgs@1, org.springframework.boot.test.context.SpringBootTestWebEnvironment@16612a51], resourceBasePath = 'src/main/webapp', contextLoader = 'org.springframework.boot.test.context.SpringBootContextLoader', parent = [null]], attributes = map['org.springframework.test.context.web.ServletTestExecutionListener.activateListener' -> true, 'org.springframework.test.context.web.ServletTestExecutionListener.populatedRequestContextHolder' -> true, 'org.springframework.test.context.web.ServletTestExecutionListener.resetRequestContextHolder' -> true, 'org.springframework.test.context.event.ApplicationEventsTestExecutionListener.recordApplicationEvents' -> false]]; transaction manager [org.springframework.orm.jpa.JpaTransactionManager@55c581e4]; rollback [true]
2022-04-01 11:27:20.016 DEBUG 1909 --- [    Test worker] org.hibernate.SQL                        : 
    call next value for hibernate_sequence
2022-04-01 11:27:20.019 DEBUG 1909 --- [    Test worker] org.hibernate.SQL                        : 
    call next value for hibernate_sequence
2022-04-01 11:27:20.024  INFO 1909 --- [    Test worker] o.s.t.c.transaction.TransactionContext   : Rolled back transaction for test: [DefaultTestContext@7be9e9fc testClass = MemberServiceImplTest, testInstance = com.project.orderservice.service.impl.MemberServiceImplTest@4607cbe2, testMethod = findMember@MemberServiceImplTest, testException = [null], mergedContextConfiguration = [WebMergedContextConfiguration@452d6fd testClass = MemberServiceImplTest, locations = '{}', classes = '{class com.project.orderservice.OrderServiceApplication}', contextInitializerClasses = '[]', activeProfiles = '{}', propertySourceLocations = '{}', propertySourceProperties = '{org.springframework.boot.test.context.SpringBootTestContextBootstrapper=true}', contextCustomizers = set[org.springframework.boot.test.autoconfigure.actuate.metrics.MetricsExportContextCustomizerFactory$DisableMetricExportContextCustomizer@3eeb318f, org.springframework.boot.test.autoconfigure.properties.PropertyMappingContextCustomizer@0, org.springframework.boot.test.autoconfigure.web.servlet.WebDriverContextCustomizerFactory$Customizer@58fe0499, org.springframework.boot.test.context.filter.ExcludeFilterContextCustomizer@aa549e5, org.springframework.boot.test.json.DuplicateJsonObjectContextCustomizerFactory$DuplicateJsonObjectContextCustomizer@3b7ff809, org.springframework.boot.test.mock.mockito.MockitoContextCustomizer@0, org.springframework.boot.test.web.client.TestRestTemplateContextCustomizer@75390459, org.springframework.boot.test.context.SpringBootTestArgs@1, org.springframework.boot.test.context.SpringBootTestWebEnvironment@16612a51], resourceBasePath = 'src/main/webapp', contextLoader = 'org.springframework.boot.test.context.SpringBootContextLoader', parent = [null]], attributes = map['org.springframework.test.context.web.ServletTestExecutionListener.activateListener' -> true, 'org.springframework.test.context.web.ServletTestExecutionListener.populatedRequestContextHolder' -> true, 'org.springframework.test.context.web.ServletTestExecutionListener.resetRequestContextHolder' -> true, 'org.springframework.test.context.event.ApplicationEventsTestExecutionListener.recordApplicationEvents' -> false]]
2022-04-01 11:27:20.029  INFO 1909 --- [    Test worker] o.s.t.c.transaction.TransactionContext   : Began transaction (1) for test context [DefaultTestContext@7be9e9fc testClass = MemberServiceImplTest, testInstance = com.project.orderservice.service.impl.MemberServiceImplTest@701bd6e8, testMethod = saveMember_returnId@MemberServiceImplTest, testException = [null], mergedContextConfiguration = [WebMergedContextConfiguration@452d6fd testClass = MemberServiceImplTest, locations = '{}', classes = '{class com.project.orderservice.OrderServiceApplication}', contextInitializerClasses = '[]', activeProfiles = '{}', propertySourceLocations = '{}', propertySourceProperties = '{org.springframework.boot.test.context.SpringBootTestContextBootstrapper=true}', contextCustomizers = set[org.springframework.boot.test.autoconfigure.actuate.metrics.MetricsExportContextCustomizerFactory$DisableMetricExportContextCustomizer@3eeb318f, org.springframework.boot.test.autoconfigure.properties.PropertyMappingContextCustomizer@0, org.springframework.boot.test.autoconfigure.web.servlet.WebDriverContextCustomizerFactory$Customizer@58fe0499, org.springframework.boot.test.context.filter.ExcludeFilterContextCustomizer@aa549e5, org.springframework.boot.test.json.DuplicateJsonObjectContextCustomizerFactory$DuplicateJsonObjectContextCustomizer@3b7ff809, org.springframework.boot.test.mock.mockito.MockitoContextCustomizer@0, org.springframework.boot.test.web.client.TestRestTemplateContextCustomizer@75390459, org.springframework.boot.test.context.SpringBootTestArgs@1, org.springframework.boot.test.context.SpringBootTestWebEnvironment@16612a51], resourceBasePath = 'src/main/webapp', contextLoader = 'org.springframework.boot.test.context.SpringBootContextLoader', parent = [null]], attributes = map['org.springframework.test.context.web.ServletTestExecutionListener.activateListener' -> true, 'org.springframework.test.context.web.ServletTestExecutionListener.populatedRequestContextHolder' -> true, 'org.springframework.test.context.web.ServletTestExecutionListener.resetRequestContextHolder' -> true, 'org.springframework.test.context.event.ApplicationEventsTestExecutionListener.recordApplicationEvents' -> false]]; transaction manager [org.springframework.orm.jpa.JpaTransactionManager@55c581e4]; rollback [true]
2022-04-01 11:27:20.032 DEBUG 1909 --- [    Test worker] org.hibernate.SQL                        : 
    call next value for hibernate_sequence
2022-04-01 11:27:20.036 DEBUG 1909 --- [    Test worker] org.hibernate.SQL                        : 
    insert 
    into
        member
        (city, street, zipcode, name, member_id) 
    values
        (?, ?, ?, ?, ?)
2022-04-01 11:27:20.037 DEBUG 1909 --- [    Test worker] org.hibernate.SQL                        : 
    select
        member0_.member_id as member_i1_3_,
        member0_.city as city2_3_,
        member0_.street as street3_3_,
        member0_.zipcode as zipcode4_3_,
        member0_.name as name5_3_ 
    from
        member member0_
2022-04-01 11:27:20.042  INFO 1909 --- [    Test worker] o.s.t.c.transaction.TransactionContext   : Rolled back transaction for test: [DefaultTestContext@7be9e9fc testClass = MemberServiceImplTest, testInstance = com.project.orderservice.service.impl.MemberServiceImplTest@701bd6e8, testMethod = saveMember_returnId@MemberServiceImplTest, testException = [null], mergedContextConfiguration = [WebMergedContextConfiguration@452d6fd testClass = MemberServiceImplTest, locations = '{}', classes = '{class com.project.orderservice.OrderServiceApplication}', contextInitializerClasses = '[]', activeProfiles = '{}', propertySourceLocations = '{}', propertySourceProperties = '{org.springframework.boot.test.context.SpringBootTestContextBootstrapper=true}', contextCustomizers = set[org.springframework.boot.test.autoconfigure.actuate.metrics.MetricsExportContextCustomizerFactory$DisableMetricExportContextCustomizer@3eeb318f, org.springframework.boot.test.autoconfigure.properties.PropertyMappingContextCustomizer@0, org.springframework.boot.test.autoconfigure.web.servlet.WebDriverContextCustomizerFactory$Customizer@58fe0499, org.springframework.boot.test.context.filter.ExcludeFilterContextCustomizer@aa549e5, org.springframework.boot.test.json.DuplicateJsonObjectContextCustomizerFactory$DuplicateJsonObjectContextCustomizer@3b7ff809, org.springframework.boot.test.mock.mockito.MockitoContextCustomizer@0, org.springframework.boot.test.web.client.TestRestTemplateContextCustomizer@75390459, org.springframework.boot.test.context.SpringBootTestArgs@1, org.springframework.boot.test.context.SpringBootTestWebEnvironment@16612a51], resourceBasePath = 'src/main/webapp', contextLoader = 'org.springframework.boot.test.context.SpringBootContextLoader', parent = [null]], attributes = map['org.springframework.test.context.web.ServletTestExecutionListener.activateListener' -> true, 'org.springframework.test.context.web.ServletTestExecutionListener.populatedRequestContextHolder' -> true, 'org.springframework.test.context.web.ServletTestExecutionListener.resetRequestContextHolder' -> true, 'org.springframework.test.context.event.ApplicationEventsTestExecutionListener.recordApplicationEvents' -> false]]
]]></system-out>
  <system-err><![CDATA[]]></system-err>
</testsuite>
